tests\test_no_isinstance_fish.py:60: error: Need type annotation for "violations" (hint: "violations: list[<type>] = ...")  [var-annotated]
backend\test_integration.py:6: error: Cannot find implementation or library stub for module named "simulation_runner"  [import-not-found]
backend\test_integration.py:7: error: Cannot find implementation or library stub for module named "state_payloads"  [import-not-found]
tests\test_rcss_stamina.py:11: error: Item "None" of "Optional[RCSSPlayerState]" has no attribute "stamina"  [union-attr]
tests\test_rcss_stamina.py:22: error: Item "None" of "Optional[RCSSPlayerState]" has no attribute "stamina"  [union-attr]
tests\test_rcss_stamina.py:23: error: Item "None" of "Optional[RCSSPlayerState]" has no attribute "stamina"  [union-attr]
tests\test_rcss_stamina.py:36: error: Item "None" of "Optional[RCSSPlayerState]" has no attribute "stamina"  [union-attr]
tests\test_rcss_stamina.py:37: error: Item "None" of "Optional[RCSSPlayerState]" has no attribute "effort"  [union-attr]
tests\test_rcss_stamina.py:41: error: Item "None" of "Optional[RCSSPlayerState]" has no attribute "effort"  [union-attr]
tests\test_rcss_stamina.py:42: error: Item "None" of "Optional[RCSSPlayerState]" has no attribute "effort"  [union-attr]
tests\test_rcss_stamina.py:55: error: Item "None" of "Optional[RCSSPlayerState]" has no attribute "stamina"  [union-attr]
tests\test_rcss_stamina.py:56: error: Item "None" of "Optional[RCSSPlayerState]" has no attribute "recovery"  [union-attr]
tests\test_rcss_stamina.py:60: error: Item "None" of "Optional[RCSSPlayerState]" has no attribute "recovery"  [union-attr]
tests\test_rcss_stamina.py:70: error: Item "None" of "Optional[RCSSPlayerState]" has no attribute "effort"  [union-attr]
tests\test_rcss_stamina.py:71: error: Item "None" of "Optional[RCSSPlayerState]" has no attribute "stamina"  [union-attr]
tests\test_rcss_stamina.py:75: error: Item "None" of "Optional[RCSSPlayerState]" has no attribute "effort"  [union-attr]
tests\test_rcss_stamina.py:85: error: Item "None" of "Optional[RCSSPlayerState]" has no attribute "effort"  [union-attr]
tests\test_rcss_stamina.py:97: error: Item "None" of "Optional[RCSSPlayerState]" has no attribute "velocity"  [union-attr]
tests\test_rcss_stamina.py:98: error: Item "None" of "Optional[RCSSPlayerState]" has no attribute "velocity"  [union-attr]
tests\test_rcss_stamina.py:117: error: Item "None" of "Optional[RCSSPlayerState]" has no attribute "velocity"  [union-attr]
core\entities\ball.py:151: error: "World" has no attribute "update_agent_position"  [attr-defined]
tests\test_rcss_lite.py:30: error: Item "None" of "Optional[RCSSPlayerState]" has no attribute "position"  [union-attr]
tests\test_rcss_lite.py:71: error: Item "None" of "Optional[RCSSPlayerState]" has no attribute "position"  [union-attr]
tests\test_rcss_lite.py:78: error: Item "None" of "Optional[RCSSPlayerState]" has no attribute "position"  [union-attr]
tests\test_rcss_lite.py:89: error: Item "None" of "Optional[RCSSPlayerState]" has no attribute "position"  [union-attr]
tests\test_rcss_lite.py:93: error: Item "None" of "Optional[RCSSPlayerState]" has no attribute "position"  [union-attr]
tests\test_rcss_lite.py:101: error: Item "None" of "Optional[RCSSPlayerState]" has no attribute "position"  [union-attr]
tests\test_rcss_lite.py:113: error: Item "None" of "Optional[RCSSPlayerState]" has no attribute "body_angle"  [union-attr]
tests\test_rcss_lite.py:119: error: Item "None" of "Optional[RCSSPlayerState]" has no attribute "body_angle"  [union-attr]
tests\test_rcss_lite.py:152: error: Item "None" of "Optional[RCSSPlayerState]" has no attribute "velocity"  [union-attr]
tests\test_rcss_lite.py:156: error: Item "None" of "Optional[RCSSPlayerState]" has no attribute "velocity"  [union-attr]
tests\test_rcss_lite.py:194: error: Item "None" of "Optional[RCSSPlayerState]" has no attribute "position"  [union-attr]
tests\test_rcss_harness.py:14: error: Returning Any from function declared to return "dict[Any, Any]"  [no-any-return]
tests\verify_history_limit.py:9: error: Cannot find implementation or library stub for module named "backend.services.auto_eval_service"  [import-not-found]
tests\test_evolution_tools.py:9: error: Cannot find implementation or library stub for module named "run_bench"  [import-not-found]
tests\test_evolution_tools.py:10: error: Cannot find implementation or library stub for module named "validate_improvement"  [import-not-found]
tests\test_benchmark_determinism.py:110: error: Argument 1 to "abs" has incompatible type "Optional[float]"; expected "SupportsAbs[float]"  [arg-type]
core\systems\soccer_system.py:190: error: "object" has no attribute "soccer_effect_state"  [attr-defined]
core\reproduction_service.py:146: error: Item "None" of "Optional[EntityLifecycleSystem]" has no attribute "record_birth"  [union-attr]
core\reproduction_service.py:224: error: Item "None" of "Optional[EntityLifecycleSystem]" has no attribute "record_birth"  [union-attr]
core\reproduction_service.py:360: error: Item "None" of "Optional[EntityLifecycleSystem]" has no attribute "record_emergency_spawn"  [union-attr]
core\worlds\shared\tank_like_pack_base.py:168: error: Argument "environment" to "PlantManager" has incompatible type "Optional[Environment]"; expected "Environment"  [arg-type]
core\worlds\shared\tank_like_pack_base.py:184: error: Argument 1 to "register" of "SystemRegistry" has incompatible type "Optional[EntityLifecycleSystem]"; expected "BaseSystem"  [arg-type]
core\worlds\shared\tank_like_pack_base.py:187: error: Argument 1 to "register" of "SystemRegistry" has incompatible type "Optional[CollisionSystem]"; expected "BaseSystem"  [arg-type]
core\worlds\shared\tank_like_pack_base.py:188: error: Argument 1 to "register" of "SystemRegistry" has incompatible type "Optional[PokerProximitySystem]"; expected "BaseSystem"  [arg-type]
core\worlds\shared\tank_like_pack_base.py:189: error: Argument 1 to "register" of "SystemRegistry" has incompatible type "Optional[ReproductionSystem]"; expected "BaseSystem"  [arg-type]
core\worlds\shared\tank_like_pack_base.py:190: error: Argument 1 to "register" of "SystemRegistry" has incompatible type "Optional[PokerSystem]"; expected "BaseSystem"  [arg-type]
core\mixed_poker\interaction.py:417: error: Item "None" of "Optional[PokerHand]" has no attribute "beats"  [union-attr]
core\mixed_poker\interaction.py:417: error: Argument 1 to "beats" of "PokerHand" has incompatible type "Optional[PokerHand]"; expected "PokerHand"  [arg-type]
core\mixed_poker\interaction.py:425: error: Item "None" of "Optional[PokerHand]" has no attribute "ties"  [union-attr]
core\mixed_poker\interaction.py:425: error: Argument 1 to "ties" of "PokerHand" has incompatible type "Optional[PokerHand]"; expected "PokerHand"  [arg-type]
core\mixed_poker\interaction.py:436: error: Invalid index type "Optional[int]" for "list[Union[Fish, Plant]]"; expected type "SupportsIndex"  [index]
core\mixed_poker\interaction.py:442: error: Invalid index type "Optional[int]" for "list[float]"; expected type "SupportsIndex"  [index]
core\mixed_poker\interaction.py:502: error: Invalid index type "Optional[int]" for "list[Optional[PokerHand]]"; expected type "SupportsIndex"  [index]
core\mixed_poker\interaction.py:522: error: Invalid index type "Optional[int]" for "list[Union[Fish, Plant]]"; expected type "SupportsIndex"  [index]
core\mixed_poker\interaction.py:525: error: Incompatible types in assignment (expression has type "Optional[int]", variable has type "int")  [assignment]
core\mixed_poker\interaction.py:533: error: Invalid index type "Optional[int]" for "list[Union[Fish, Plant]]"; expected type "SupportsIndex"  [index]
core\mixed_poker\interaction.py:534: error: Invalid index type "Optional[int]" for "list[Union[Fish, Plant]]"; expected type "SupportsIndex"  [index]
core\mixed_poker\interaction.py:543: error: Invalid index type "Optional[int]" for "list[Union[Fish, Plant]]"; expected type "SupportsIndex"  [index]
core\mixed_poker\interaction.py:570: error: Invalid index type "Optional[int]" for "list[Union[Fish, Plant]]"; expected type "SupportsIndex"  [index]
core\mixed_poker\interaction.py:571: error: Invalid index type "Optional[int]" for "list[Optional[PokerHand]]"; expected type "SupportsIndex"  [index]
core\mixed_poker\interaction.py:601: error: Argument 1 to "_update_poker_stats" of "MixedPokerInteraction" has incompatible type "Optional[int]"; expected "int"  [arg-type]
core\mixed_poker\interaction.py:601: error: Argument 2 to "_update_poker_stats" of "MixedPokerInteraction" has incompatible type "list[Optional[int]]"; expected "list[int]"  [arg-type]
core\mixed_poker\interaction.py:608: error: Argument "winner_idx" to "update_cfr_learning" has incompatible type "Optional[int]"; expected "int"  [arg-type]
core\mixed_poker\interaction.py:609: error: Argument "tied_players" to "update_cfr_learning" has incompatible type "list[Optional[int]]"; expected "list[int]"  [arg-type]
core\mixed_poker\interaction.py:663: error: Item "None" of "Optional[PokerHand]" has no attribute "rank_value"  [union-attr]
core\evolution\inheritance.py:148: error: Argument 1 to "crossover_algorithms_weighted" has incompatible type "Optional[BehaviorAlgorithm]"; expected "BehaviorAlgorithm"  [arg-type]
core\evolution\inheritance.py:149: error: Argument 2 to "crossover_algorithms_weighted" has incompatible type "Optional[BehaviorAlgorithm]"; expected "BehaviorAlgorithm"  [arg-type]
core\algorithms\base.py:634: error: Item "None" of "Optional[Any]" has no attribute "pos"  [union-attr]
core\reproduction_system.py:23: error: Incompatible types in assignment (expression has type "Optional[ReproductionService]", variable has type "ReproductionService")  [assignment]
core\ecosystem.py:635: error: Argument 1 to "get_poker_leaderboard" of "PokerStatsManager" has incompatible type "Optional[list[Any]]"; expected "list[Fish]"  [arg-type]
core\ecosystem.py:946: error: Unsupported target for indexed assignment ("Union[dict[Any, Any], int, Any, None]")  [index]
core\algorithms\territory.py:164: error: Item "None" of "Optional[Random]" has no attribute "random"  [union-attr]
core\algorithms\territory.py:168: error: Item "None" of "Optional[Random]" has no attribute "uniform"  [union-attr]
core\algorithms\territory.py:169: error: Item "None" of "Optional[Random]" has no attribute "uniform"  [union-attr]
core\algorithms\territory.py:173: error: Item "None" of "Optional[Random]" has no attribute "random"  [union-attr]
core\algorithms\territory.py:227: error: Item "None" of "Optional[Random]" has no attribute "choice"  [union-attr]
core\algorithms\territory.py:229: error: Item "None" of "Optional[Random]" has no attribute "choice"  [union-attr]
core\algorithms\territory.py:335: error: Item "None" of "Optional[Random]" has no attribute "randint"  [union-attr]
core\algorithms\territory.py:339: error: Item "None" of "Optional[Random]" has no attribute "uniform"  [union-attr]
core\algorithms\territory.py:489: error: Item "None" of "Optional[Random]" has no attribute "uniform"  [union-attr]
core\algorithms\territory.py:517: error: Item "None" of "Optional[Random]" has no attribute "gauss"  [union-attr]
core\algorithms\territory.py:520: error: Item "None" of "Optional[Random]" has no attribute "gauss"  [union-attr]
core\algorithms\schooling.py:496: error: Item "None" of "Optional[Any]" has no attribute "pos"  [union-attr]
core\algorithms\schooling.py:499: error: Item "None" of "Optional[Any]" has no attribute "pos"  [union-attr]
core\algorithms\schooling.py:574: error: Item "None" of "Optional[Any]" has no attribute "pos"  [union-attr]
core\algorithms\schooling.py:582: error: Item "None" of "Optional[Any]" has no attribute "pos"  [union-attr]
core\algorithms\poker.py:163: error: Item "None" of "Optional[Random]" has no attribute "uniform"  [union-attr]
core\algorithms\poker.py:335: error: Item "None" of "Optional[Random]" has no attribute "random"  [union-attr]
core\algorithms\poker.py:399: error: Item "None" of "Optional[Random]" has no attribute "random"  [union-attr]
core\algorithms\poker.py:611: error: Item "None" of "Optional[Random]" has no attribute "uniform"  [union-attr]
core\algorithms\poker.py:631: error: Item "None" of "Optional[Random]" has no attribute "uniform"  [union-attr]
core\algorithms\poker.py:685: error: Item "None" of "Optional[Random]" has no attribute "random"  [union-attr]
core\algorithms\poker.py:687: error: Item "None" of "Optional[Random]" has no attribute "choice"  [union-attr]
core\algorithms\poker.py:688: error: Item "None" of "Optional[Random]" has no attribute "randint"  [union-attr]
core\algorithms\poker.py:750: error: Item "None" of "Optional[Random]" has no attribute "random"  [union-attr]
core\algorithms\poker.py:755: error: Item "None" of "Optional[Random]" has no attribute "uniform"  [union-attr]
core\algorithms\poker.py:764: error: Item "None" of "Optional[Random]" has no attribute "uniform"  [union-attr]
core\algorithms\energy_management.py:74: error: Item "None" of "Optional[Any]" has no attribute "pos"  [union-attr]
core\algorithms\energy_management.py:180: error: Item "None" of "Optional[Any]" has no attribute "pos"  [union-attr]
core\algorithms\energy_management.py:187: error: Item "None" of "Optional[Any]" has no attribute "pos"  [union-attr]
core\algorithms\food_seeking\surface.py:109: error: Item "None" of "Optional[Random]" has no attribute "random"  [union-attr]
core\algorithms\food_seeking\memory.py:47: error: Item "None" of "Optional[Random]" has no attribute "random"  [union-attr]
core\algorithms\food_seeking\memory.py:48: error: Item "None" of "Optional[Random]" has no attribute "choice"  [union-attr]
core\algorithms\food_seeking\energy_aware.py:71: error: Item "None" of "Optional[Any]" has no attribute "pos"  [union-attr]
core\algorithms\food_seeking\energy_aware.py:90: error: Item "None" of "Optional[Any]" has no attribute "pos"  [union-attr]
core\algorithms\food_seeking\energy_aware.py:110: error: Item "None" of "Optional[Random]" has no attribute "random"  [union-attr]
core\algorithms\food_seeking\energy_aware.py:111: error: Item "None" of "Optional[Random]" has no attribute "uniform"  [union-attr]
core\algorithms\food_seeking\cooperative.py:83: error: Item "None" of "Optional[Random]" has no attribute "random"  [union-attr]
core\algorithms\food_seeking\cooperative.py:196: error: Item "None" of "Optional[Random]" has no attribute "random"  [union-attr]
core\algorithms\food_seeking\cooperative.py:197: error: Item "None" of "Optional[Random]" has no attribute "uniform"  [union-attr]
core\algorithms\food_seeking\circular.py:68: error: Item "None" of "Optional[Random]" has no attribute "uniform"  [union-attr]
core\algorithms\food_seeking\bottom.py:56: error: Item "None" of "Optional[Random]" has no attribute "random"  [union-attr]
core\algorithms\composable\behavior.py:260: error: Incompatible types in assignment (expression has type "Optional[float]", variable has type "float")  [assignment]
core\poker_system.py:349: error: Argument "environment" to "MixedPokerTablePlanner" has incompatible type "Optional[Environment]"; expected "Environment"  [arg-type]
core\genetics\behavioral.py:739: error: Incompatible types in assignment (expression has type "Optional[str]", variable has type "str")  [assignment]
core\services\stats\genetic_stats.py:76: error: Item "None" of "Optional[Any]" has no attribute "value"  [union-attr]
core\services\stats\genetic_stats.py:341: error: Item "None" of "Optional[GeneticTrait[Optional[ComposableBehavior]]]" has no attribute "value"  [union-attr]
core\services\stats\genetic_stats.py:376: error: Item "None" of "Optional[GeneticTrait[Optional[ComposableBehavior]]]" has no attribute "value"  [union-attr]
core\services\stats\genetic_stats.py:431: error: Item "None" of "Optional[GeneticTrait[Optional[PokerStrategyAlgorithm]]]" has no attribute "value"  [union-attr]
core\minigames\soccer\league_runtime.py:177: error: Argument 1 to "int" has incompatible type "Optional[Any]"; expected "Union[str, Buffer, SupportsInt, SupportsIndex, SupportsTrunc]"  [arg-type]
core\genetics\expression.py:152: error: Argument 1 to "_normalized_similarity" has incompatible type "Optional[Any]"; expected "float"  [arg-type]
core\entities\fish.py:980: error: "World" has no attribute "list_policy_component_ids"  [attr-defined]
core\entities\fish.py:1128: error: Name "EntityUpdateResult" is not defined  [name-defined]
core\entities\resources.py:32: error: X | Y syntax for unions requires Python 3.10  [syntax]
core\entities\resources.py:87: error: Incompatible types in assignment (expression has type "object", variable has type "bool")  [assignment]
core\entities\resources.py:93: error: Incompatible types in assignment (expression has type "object", variable has type "float")  [assignment]
core\entities\resources.py:127: error: Argument "weights" to "choices" of "Random" has incompatible type "list[object]"; expected "Optional[Sequence[Union[float, Fraction]]]"  [arg-type]
core\entities\resources.py:160: error: Name "EntityUpdateResult" is not defined  [name-defined]
core\entities\resources.py:182: error: Unsupported operand types for * ("float" and "object")  [operator]
core\entities\resources.py:243: error: Name "EntityUpdateResult" is not defined  [name-defined]
core\entities\predators.py:93: error: Name "EntityUpdateResult" is not defined  [name-defined]
core\entities\predators.py:169: error: Name "PetriDish" is not defined  [name-defined]
core\entities\plant.py:99: error: Item "None" of "Optional[RootSpot]" has no attribute "x"  [union-attr]
core\entities\plant.py:100: error: Item "None" of "Optional[RootSpot]" has no attribute "y"  [union-attr]
core\entities\plant.py:155: error: Argument "transition_state" to "PlantMigrationComponent" has incompatible type "Callable[[EntityState, str], EntityState]"; expected "Callable[[EntityState, str], None]"  [arg-type]
core\entities\plant.py:266: error: Returning Any from function declared to return "int"  [no-any-return]
core\entities\plant.py:318: error: X | Y syntax for unions requires Python 3.10  [syntax]
core\entities\plant.py:344: error: Name "EntityUpdateResult" is not defined  [name-defined]
core\entities\plant.py:457: error: Returning Any from function declared to return "bool"  [no-any-return]
core\entities\plant.py:798: error: Name "EntityUpdateResult" is not defined  [name-defined]
core\entities\plant.py:805: error: "World" has no attribute "update_agent_position"  [attr-defined]
core\plant_manager.py:133: error: Returning Any from function declared to return "bool"  [no-any-return]
core\plant_manager.py:141: error: Returning Any from function declared to return "bool"  [no-any-return]
core\collision_system.py:115: error: Redundant cast to "tuple[float, float, float, float]"  [redundant-cast]
core\collision_system.py:116: error: Redundant cast to "tuple[float, float, float, float]"  [redundant-cast]
core\collision_system.py:131: error: Returning Any from function declared to return "bool"  [no-any-return]
core\object_pool.py:70: error: Incompatible types in assignment (expression has type "object", variable has type "bool")  [assignment]
core\movement_strategy.py:65: error: Incompatible types in assignment (expression has type "Union[Any, Agent]", variable has type "Food")  [assignment]
core\systems\poker_proximity.py:72: error: Item "None" of "Optional[PokerSystem]" has no attribute "enabled"  [union-attr]
core\systems\poker_proximity.py:225: error: Argument "key" to "sorted" has incompatible type "Callable[[Fish], int]"; expected "Callable[[Union[Fish, Plant]], Union[SupportsDunderLT[Any], SupportsDunderGT[Any]]]"  [arg-type]
core\systems\poker_proximity.py:237: error: Incompatible types in assignment (expression has type "Union[Fish, Plant]", variable has type "Fish")  [assignment]
core\spatial\grid.py:252: error: Need type annotation for "result" (hint: "result: list[<type>] = ...")  [var-annotated]
core\spatial\grid.py:304: error: Need type annotation for "result" (hint: "result: list[<type>] = ...")  [var-annotated]
core\spatial\grid.py:344: error: Need type annotation for "result" (hint: "result: list[<type>] = ...")  [var-annotated]
core\spatial\grid.py:469: error: Need type annotation for "result" (hint: "result: list[<type>] = ...")  [var-annotated]
core\spatial\grid.py:536: error: Need type annotation for "result" (hint: "result: list[<type>] = ...")  [var-annotated]
core\spatial\grid.py:620: error: Need type annotation for "result" (hint: "result: list[<type>] = ...")  [var-annotated]
core\environment.py:285: error: Name "Optional" is not defined  [name-defined]
core\environment.py:285: note: Did you forget to import it from "typing"? (Suggestion: "from typing import Optional")
core\environment.py:289: error: Name "Optional" is not defined  [name-defined]
core\environment.py:289: note: Did you forget to import it from "typing"? (Suggestion: "from typing import Optional")
core\environment.py:297: error: Name "Optional" is not defined  [name-defined]
core\environment.py:297: note: Did you forget to import it from "typing"? (Suggestion: "from typing import Optional")
core\environment.py:299: error: Name "Optional" is not defined  [name-defined]
core\environment.py:299: note: Did you forget to import it from "typing"? (Suggestion: "from typing import Optional")
core\worlds\tank\pack.py:57: error: "SimulationEngine" has no attribute "soccer_system"; maybe "poker_system"?  [attr-defined]
tests\test_texas_holdem_rules.py:594: error: Name "sys" is not defined  [name-defined]
tests\test_texas_holdem_rules.py:597: error: Name "sys" is not defined  [name-defined]
tests\test_poker_simulation_engine_unit.py:113: error: Argument "player1_strategy" to "simulate_multi_round_game" has incompatible type "AlwaysCallStrategy"; expected "Optional[PokerStrategyAlgorithm]"  [arg-type]
tests\test_poker_simulation_engine_unit.py:114: error: Argument "player2_strategy" to "simulate_multi_round_game" has incompatible type "AlwaysCallStrategy"; expected "Optional[PokerStrategyAlgorithm]"  [arg-type]
tests\test_poker_simulation_engine_unit.py:135: error: List item 0 has incompatible type "AlwaysCallStrategy"; expected "Optional[PokerStrategyAlgorithm]"  [list-item]
tests\test_poker_simulation_engine_unit.py:135: error: List item 1 has incompatible type "AlwaysCallStrategy"; expected "Optional[PokerStrategyAlgorithm]"  [list-item]
tests\test_poker_simulation_engine_unit.py:144: error: Argument "player1_strategy" to "simulate_multi_round_game" has incompatible type "AlwaysCallStrategy"; expected "Optional[PokerStrategyAlgorithm]"  [arg-type]
tests\test_poker_simulation_engine_unit.py:145: error: Argument "player2_strategy" to "simulate_multi_round_game" has incompatible type "AlwaysCallStrategy"; expected "Optional[PokerStrategyAlgorithm]"  [arg-type]
tests\test_poker_multiplayer_engine_unit.py:17: error: Incompatible types in assignment (expression has type "dict[str, Any]", variable has type "None")  [assignment]
tests\test_poker_multiplayer_engine_unit.py:243: error: List item 0 has incompatible type "DummyStrategy"; expected "Optional[PokerStrategyAlgorithm]"  [list-item]
tests\test_poker_multiplayer_engine_unit.py:254: error: Value of type "None" is not indexable  [index]
tests\test_poker_multiplayer_engine_unit.py:255: error: Value of type "None" is not indexable  [index]
tests\test_poker_multiplayer_engine_unit.py:271: error: List item 0 has incompatible type "DummyStrategy"; expected "Optional[PokerStrategyAlgorithm]"  [list-item]
tests\test_poker_multiplayer_engine_unit.py:292: error: Value of type "None" is not indexable  [index]
tests\test_poker_multiplayer_engine_unit.py:400: error: Argument 2 to "_apply_multiplayer_action" has incompatible type "str"; expected "BettingAction"  [arg-type]
tests\test_poker_multiplayer_engine_unit.py:480: error: List item 0 has incompatible type "DummyStrategy"; expected "Optional[PokerStrategyAlgorithm]"  [list-item]
tests\test_poker_multiplayer_engine_unit.py:480: error: List item 1 has incompatible type "DummyStrategy"; expected "Optional[PokerStrategyAlgorithm]"  [list-item]
tests\test_poker_multiplayer_engine_unit.py:480: error: List item 2 has incompatible type "DummyStrategy"; expected "Optional[PokerStrategyAlgorithm]"  [list-item]
tests\test_poker_multiplayer_engine_unit.py:499: error: List item 0 has incompatible type "DummyStrategy"; expected "Optional[PokerStrategyAlgorithm]"  [list-item]
tests\test_poker_multiplayer_engine_unit.py:499: error: List item 1 has incompatible type "DummyStrategy"; expected "Optional[PokerStrategyAlgorithm]"  [list-item]
tests\test_poker_multiplayer_engine_unit.py:499: error: List item 2 has incompatible type "DummyStrategy"; expected "Optional[PokerStrategyAlgorithm]"  [list-item]
tests\test_poker_hand_engine.py:40: error: List item 0 has incompatible type "AlwaysCallStrategy"; expected "Optional[PokerStrategyAlgorithm]"  [list-item]
tests\test_poker_hand_engine.py:40: error: List item 1 has incompatible type "AlwaysCallStrategy"; expected "Optional[PokerStrategyAlgorithm]"  [list-item]
tests\test_poker_hand_engine.py:73: error: List item 0 has incompatible type "AlwaysCallStrategy"; expected "Optional[PokerStrategyAlgorithm]"  [list-item]
tests\test_poker_hand_engine.py:73: error: List item 1 has incompatible type "AlwaysCallStrategy"; expected "Optional[PokerStrategyAlgorithm]"  [list-item]
tests\test_poker_hand_engine.py:109: error: List item 0 has incompatible type "AlwaysCallStrategy"; expected "Optional[PokerStrategyAlgorithm]"  [list-item]
tests\test_poker_hand_engine.py:109: error: List item 1 has incompatible type "AlwaysCallStrategy"; expected "Optional[PokerStrategyAlgorithm]"  [list-item]
tests\test_mode_rulesets.py:40: error: Property "existence_cost" defined in "EnergyModel" is read-only  [misc]
tests\test_mode_rulesets.py:216: error: Item "None" of "Optional[ModeRuleSet]" has no attribute "get_allowed_actions"  [union-attr]
tests\test_import_boundaries.py:60: error: Incompatible default for argument "allowed_exceptions" (default has type "None", argument has type "list[str]")  [assignment]
tests\test_import_boundaries.py:60: note: PEP 484 prohibits implicit Optional. Accordingly, mypy has changed its default to no_implicit_optional=True
tests\test_import_boundaries.py:60: note: Use https://github.com/hauntsaninja/no_implicit_optional to automatically upgrade your codebase
tests\test_genome_code_pool.py:351: error: Argument 1 to "validate_rng_determinism" has incompatible type "Optional[Callable[..., Any]]"; expected "Callable[..., Any]"  [arg-type]
tests\test_code_pool_sandbox.py:69: error: "None" not callable  [misc]
tests\test_code_pool_sandbox.py:79: error: "None" not callable  [misc]
tests\test_code_pool_sandbox.py:92: error: Cannot assign to a method  [method-assign]
tests\test_code_pool_safety.py:156: error: "None" not callable  [misc]
tests\test_code_pool_safety.py:159: error: "None" not callable  [misc]
tests\test_code_pool_safety.py:181: error: "None" not callable  [misc]
tests\test_code_pool_persistence.py:123: error: "None" not callable  [misc]
tests\test_ball_physics.py:44: error: Argument 1 to "Ball" has incompatible type "MockWorld"; expected "World"  [arg-type]
tests\test_ball_physics.py:58: error: Argument 1 to "Ball" has incompatible type "MockWorld"; expected "World"  [arg-type]
tests\test_ball_physics.py:76: error: Argument 1 to "Ball" has incompatible type "MockWorld"; expected "World"  [arg-type]
tests\test_ball_physics.py:94: error: Argument 1 to "Ball" has incompatible type "MockWorld"; expected "World"  [arg-type]
tests\test_ball_physics.py:114: error: Argument 1 to "Ball" has incompatible type "MockWorld"; expected "World"  [arg-type]
tests\test_ball_physics.py:130: error: Argument 1 to "Ball" has incompatible type "MockWorld"; expected "World"  [arg-type]
tests\test_ball_physics.py:149: error: Argument 1 to "Ball" has incompatible type "MockWorld"; expected "World"  [arg-type]
tests\test_ball_physics.py:164: error: Argument 1 to "Ball" has incompatible type "MockWorld"; expected "World"  [arg-type]
tests\test_ball_physics.py:176: error: Argument 1 to "Ball" has incompatible type "MockWorld"; expected "World"  [arg-type]
tests\test_ball_physics.py:191: error: Argument 1 to "Ball" has incompatible type "MockWorld"; expected "World"  [arg-type]
tests\test_ball_physics.py:207: error: Argument 1 to "Ball" has incompatible type "MockWorld"; expected "World"  [arg-type]
tests\test_ball_physics.py:220: error: Argument 1 to "Ball" has incompatible type "MockWorld"; expected "World"  [arg-type]
tests\test_ball_physics.py:221: error: Argument 1 to "Ball" has incompatible type "MockWorld"; expected "World"  [arg-type]
tests\test_ball_physics.py:238: error: Argument 1 to "Ball" has incompatible type "MockWorld"; expected "World"  [arg-type]
tests\test_ball_physics.py:256: error: Argument 1 to "Ball" has incompatible type "MockWorld"; expected "World"  [arg-type]
tests\test_ball_physics.py:272: error: Argument 1 to "Ball" has incompatible type "MockWorld"; expected "World"  [arg-type]
tests\test_ball_physics.py:290: error: Argument 1 to "Ball" has incompatible type "MockWorld"; expected "World"  [arg-type]
tests\test_ball_physics.py:315: error: Argument 1 to "GoalZone" has incompatible type "MockWorld"; expected "World"  [arg-type]
tests\test_ball_physics.py:326: error: Argument 1 to "GoalZone" has incompatible type "MockWorld"; expected "World"  [arg-type]
tests\test_ball_physics.py:327: error: Argument 1 to "Ball" has incompatible type "MockWorld"; expected "World"  [arg-type]
tests\test_ball_physics.py:340: error: Argument 1 to "GoalZone" has incompatible type "MockWorld"; expected "World"  [arg-type]
tests\test_ball_physics.py:341: error: Argument 1 to "Ball" has incompatible type "MockWorld"; expected "World"  [arg-type]
tests\test_ball_physics.py:352: error: Argument 1 to "GoalZone" has incompatible type "MockWorld"; expected "World"  [arg-type]
tests\test_ball_physics.py:353: error: Argument 1 to "Ball" has incompatible type "MockWorld"; expected "World"  [arg-type]
tests\test_ball_physics.py:363: error: Item "None" of "Optional[GoalEvent]" has no attribute "scorer_id"  [union-attr]
tests\test_ball_physics.py:368: error: Argument 1 to "GoalZone" has incompatible type "MockWorld"; expected "World"  [arg-type]
tests\test_ball_physics.py:369: error: Argument 1 to "Ball" has incompatible type "MockWorld"; expected "World"  [arg-type]
tests\test_ball_physics.py:382: error: Argument 1 to "Ball" has incompatible type "MockWorld"; expected "World"  [arg-type]
tests\test_ball_physics.py:402: error: Argument 1 to "GoalZone" has incompatible type "MockWorld"; expected "World"  [arg-type]
tests\test_ball_physics.py:403: error: Argument 1 to "Ball" has incompatible type "MockWorld"; expected "World"  [arg-type]
tools\archive\debug_poker_match.py:54: error: Argument 1 to "PlantPokerStrategyAdapter" has incompatible type "MockGenome"; expected "PlantGenome"  [arg-type]
tools\archive\debug_poker_match.py:117: error: List item 0 has incompatible type "MockFish"; expected "Union[Fish, Plant]"  [list-item]
tools\archive\debug_poker_match.py:117: error: List item 1 has incompatible type "MockPlant"; expected "Union[Fish, Plant]"  [list-item]
tools\archive\debug_poker_match.py:120: error: Item "None" of "Optional[MixedPokerResult]" has no attribute "winner_type"  [union-attr]
tools\archive\debug_poker_match.py:123: error: Item "None" of "Optional[MixedPokerResult]" has no attribute "winner_type"  [union-attr]
tests\verify_memory_leaks.py:20: error: Property "lineage_log" defined in "EcosystemManager" is read-only  [misc]
tests\verify_memory_leaks.py:58: error: Item "None" of "Optional[EcosystemManager]" has no attribute "poker_manager"  [union-attr]
tests\verify_memory_leaks.py:68: error: Item "None" of "Optional[EcosystemManager]" has no attribute "poker_manager"  [union-attr]
tests\verify_memory_leaks.py:83: error: Item "None" of "Optional[EcosystemManager]" has no attribute "cleanup_dead_fish"  [union-attr]
tests\verify_memory_leaks.py:86: error: Item "None" of "Optional[EcosystemManager]" has no attribute "poker_manager"  [union-attr]
tests\verify_memory_leaks.py:95: error: Item "None" of "Optional[EcosystemManager]" has no attribute "poker_manager"  [union-attr]
tests\verify_genetic_age.py:51: error: Argument "environment" to "Fish" has incompatible type "MockEnv"; expected "World"  [arg-type]
tests\verify_genetic_age.py:52: error: Argument "movement_strategy" to "Fish" has incompatible type "MockMovement"; expected "MovementStrategy"  [arg-type]
tests\verify_genetic_age.py:74: error: Argument "environment" to "Fish" has incompatible type "MockEnv"; expected "World"  [arg-type]
tests\verify_genetic_age.py:75: error: Argument "movement_strategy" to "Fish" has incompatible type "MockMovement"; expected "MovementStrategy"  [arg-type]
tests\verify_genetic_age.py:91: error: Argument "environment" to "Fish" has incompatible type "MockEnv"; expected "World"  [arg-type]
tests\verify_genetic_age.py:92: error: Argument "movement_strategy" to "Fish" has incompatible type "MockMovement"; expected "MovementStrategy"  [arg-type]
tests\verify_food_seeking_fix.py:29: error: Unsupported left operand type for - ("None")  [operator]
tests\verify_food_seeking_fix.py:29: note: Left operand is of type "Optional[Vector2]"
tests\verify_food_seeking_fix.py:30: error: Unsupported left operand type for - ("None")  [operator]
tests\verify_food_seeking_fix.py:30: note: Left operand is of type "Optional[Vector2]"
tests\verify_food_seeking_fix.py:75: error: Unsupported operand types for - ("Vector2" and "None")  [operator]
tests\verify_food_seeking_fix.py:75: note: Right operand is of type "Optional[Vector2]"
tests\test_telemetry_events.py:22: error: Argument "environment" to "Fish" has incompatible type "_EnvStub"; expected "World"  [arg-type]
tests\test_telemetry_events.py:31: error: Argument "environment" to "Food" has incompatible type "_EnvStub"; expected "World"  [arg-type]
tests\test_tank_snapshot_builder_types.py:138: error: Item "None" of "Optional[EntitySnapshot]" has no attribute "type"  [union-attr]
tests\test_tank_snapshot_builder_types.py:139: error: Item "None" of "Optional[EntitySnapshot]" has no attribute "render_hint"  [union-attr]
tests\test_tank_snapshot_builder_types.py:139: error: Value of type "Union[dict[str, Any], Any, None]" is not indexable  [index]
tests\test_tank_snapshot_builder_types.py:140: error: Item "None" of "Optional[EntitySnapshot]" has no attribute "render_hint"  [union-attr]
tests\test_tank_snapshot_builder_types.py:140: error: Value of type "Union[dict[str, Any], Any, None]" is not indexable  [index]
tests\test_tank_snapshot_builder_types.py:144: error: Item "None" of "Optional[EntitySnapshot]" has no attribute "type"  [union-attr]
tests\test_tank_snapshot_builder_types.py:145: error: Item "None" of "Optional[EntitySnapshot]" has no attribute "render_hint"  [union-attr]
tests\test_tank_snapshot_builder_types.py:145: error: Value of type "Union[dict[str, Any], Any, None]" is not indexable  [index]
tests\test_tank_snapshot_builder_types.py:149: error: Item "None" of "Optional[EntitySnapshot]" has no attribute "type"  [union-attr]
tests\test_tank_snapshot_builder_types.py:153: error: Item "None" of "Optional[EntitySnapshot]" has no attribute "type"  [union-attr]
tests\test_tank_snapshot_builder_types.py:157: error: Item "None" of "Optional[EntitySnapshot]" has no attribute "type"  [union-attr]
tests\test_tank_snapshot_builder_types.py:158: error: Item "None" of "Optional[EntitySnapshot]" has no attribute "render_hint"  [union-attr]
tests\test_tank_snapshot_builder_types.py:158: error: Value of type "Union[dict[str, Any], Any, None]" is not indexable  [index]
tests\test_tank_snapshot_builder_types.py:165: error: Item "None" of "Optional[EntitySnapshot]" has no attribute "type"  [union-attr]
tests\test_tank_snapshot_builder_types.py:169: error: Item "None" of "Optional[EntitySnapshot]" has no attribute "type"  [union-attr]
tests\test_tank_snapshot_builder_types.py:170: error: Item "None" of "Optional[EntitySnapshot]" has no attribute "render_hint"  [union-attr]
tests\test_tank_snapshot_builder_types.py:170: error: Value of type "Union[dict[str, Any], Any, None]" is not indexable  [index]
tests\test_tank_snapshot_builder_types.py:174: error: Item "None" of "Optional[EntitySnapshot]" has no attribute "type"  [union-attr]
tests\test_tank_snapshot_builder_types.py:175: error: Item "None" of "Optional[EntitySnapshot]" has no attribute "render_hint"  [union-attr]
tests\test_tank_snapshot_builder_types.py:175: error: Value of type "Union[dict[str, Any], Any, None]" is not indexable  [index]
tests\test_static_vs_fish_comparison.py:488: error: Name "sys" is not defined  [name-defined]
tests\test_static_vs_fish_comparison.py:494: error: Name "sys" is not defined  [name-defined]
tests\test_static_vs_fish_comparison.py:500: error: Name "sys" is not defined  [name-defined]
tests\test_soccer_system.py:24: error: X | Y syntax for unions requires Python 3.10  [syntax]
tests\test_soccer_system.py:25: error: X | Y syntax for unions requires Python 3.10  [syntax]
tests\test_soccer_system.py:346: error: Cannot assign to a method  [method-assign]
tests\test_soccer_system.py:387: error: Cannot assign to a method  [method-assign]
tests\test_soccer_system.py:388: error: Cannot assign to a method  [method-assign]
tests\test_soccer_system.py:446: error: Cannot assign to a method  [method-assign]
tests\test_soccer_rules.py:39: error: Item "None" of "Optional[RCSSPlayerState]" has no attribute "position"  [union-attr]
tests\test_soccer_rules.py:40: error: Item "None" of "Optional[RCSSPlayerState]" has no attribute "position"  [union-attr]
tests\test_soccer_rules.py:83: error: Item "None" of "Optional[RCSSPlayerState]" has no attribute "position"  [union-attr]
tests\test_soccer_rules.py:93: error: Item "None" of "Optional[RCSSPlayerState]" has no attribute "position"  [union-attr]
tests\test_soccer_rules.py:95: error: Item "None" of "Optional[RCSSPlayerState]" has no attribute "body_angle"  [union-attr]
tests\test_soccer_league_runtime.py:65: error: Value of type "Optional[dict[str, Any]]" is not indexable  [index]
tests\test_soccer_league_runtime.py:86: error: Value of type "Optional[dict[str, Any]]" is not indexable  [index]
tests\test_soccer_league_runtime.py:114: error: Value of type "Optional[dict[str, Any]]" is not indexable  [index]
tests\test_soccer_league_runtime.py:132: error: Value of type "Optional[dict[str, Any]]" is not indexable  [index]
tests\test_soccer_league_runtime.py:133: error: Value of type "Optional[dict[str, Any]]" is not indexable  [index]
tests\test_soccer_league_runtime.py:148: error: Value of type "Optional[dict[str, Any]]" is not indexable  [index]
tests\test_soccer_league_runtime.py:182: error: Value of type "Optional[dict[str, Any]]" is not indexable  [index]
tests\test_soccer_conformance.py:60: error: Item "None" of "Optional[RCSSPlayerState]" has no attribute "position"  [union-attr]
tests\test_soccer_conformance.py:61: error: Item "None" of "Optional[RCSSPlayerState]" has no attribute "velocity"  [union-attr]
tests\test_soccer_conformance.py:120: error: Item "None" of "Optional[RCSSCommand]" has no attribute "cmd_type"  [union-attr]
tests\test_soccer_conformance.py:121: error: Item "None" of "Optional[RCSSCommand]" has no attribute "power"  [union-attr]
tests\test_soccer_conformance.py:126: error: Item "None" of "Optional[RCSSCommand]" has no attribute "cmd_type"  [union-attr]
tests\test_soccer_conformance.py:129: error: Item "None" of "Optional[RCSSCommand]" has no attribute "direction"  [union-attr]
tests\test_soccer_conformance.py:134: error: Item "None" of "Optional[RCSSCommand]" has no attribute "cmd_type"  [union-attr]
tests\test_soccer_conformance.py:205: error: Argument 2 to "run_policy" has incompatible type "MockGenome"; expected "Optional[Genome]"  [arg-type]
tests\test_soccer_conformance.py:234: error: Argument 2 to "run_policy" has incompatible type "MockGenome"; expected "Optional[Genome]"  [arg-type]
tests\test_soccer_conformance.py:263: error: Argument 2 to "run_policy" has incompatible type "MockGenome"; expected "Optional[Genome]"  [arg-type]
tests\test_soccer_conformance.py:338: error: Argument 2 to "run_policy" has incompatible type "MockGenome"; expected "Optional[Genome]"  [arg-type]
tests\test_soccer_conformance.py:342: error: Argument 2 to "run_policy" has incompatible type "MockGenome"; expected "Optional[Genome]"  [arg-type]
tests\test_soccer_conformance.py:373: error: Argument 2 to "run_policy" has incompatible type "MockGenome"; expected "Optional[Genome]"  [arg-type]
tests\test_soccer_conformance.py:374: error: Argument 2 to "run_policy" has incompatible type "MockGenome"; expected "Optional[Genome]"  [arg-type]
tests\test_soccer_conformance.py:401: error: Argument 2 to "run_policy" has incompatible type "MockGenome"; expected "Optional[Genome]"  [arg-type]
tests\test_reproduction_threshold.py:389: error: Name "sys" is not defined  [name-defined]
tests\test_reproduction_threshold.py:394: error: Name "sys" is not defined  [name-defined]
tests\test_reproduction_threshold.py:400: error: Name "sys" is not defined  [name-defined]
tests\test_reproduction_credits.py:80: error: Argument 1 to "ReproductionService" has incompatible type "_DummyEngine"; expected "SimulationEngine"  [arg-type]
tests\test_protocol_conformance.py:170: error: Argument 1 to "TestSystem" has incompatible type "MockEngine"; expected "SimulationEngine"  [arg-type]
tests\test_protocol_conformance.py:190: error: Argument 1 to "TestSystem" has incompatible type "MockEngine"; expected "SimulationEngine"  [arg-type]
tests\test_policy_pool_api.py:30: error: Incompatible types in assignment (expression has type "None", variable has type "GenomeCodePool")  [assignment]
tests\test_policy_pool_api.py:45: error: Argument "movement_strategy" to "Fish" has incompatible type "None"; expected "MovementStrategy"  [arg-type]
tests\test_policy_pool_api.py:53: error: "World" has no attribute "list_policy_component_ids"  [attr-defined]
tests\test_poker_system_unit.py:13: error: Need type annotation for "added_entities" (hint: "added_entities: list[<type>] = ...")  [var-annotated]
tests\test_poker_system_unit.py:66: error: Argument 1 to "PokerSystem" has incompatible type "DummyEngine"; expected "SimulationEngine"  [arg-type]
tests\test_poker_system_unit.py:82: error: Argument 1 to "PokerSystem" has incompatible type "DummyEngine"; expected "SimulationEngine"  [arg-type]
tests\test_poker_system_unit.py:105: error: Argument 1 to "PokerSystem" has incompatible type "DummyEngine"; expected "SimulationEngine"  [arg-type]
tests\test_poker_system_unit.py:130: error: Argument 1 to "PokerSystem" has incompatible type "DummyEngine"; expected "SimulationEngine"  [arg-type]
tests\test_poker_evolution_fixes.py:115: error: Item "None" of "Optional[GeneticTrait[Optional[PokerStrategyAlgorithm]]]" has no attribute "value"  [union-attr]
tests\test_poker_evolution_fixes.py:116: error: Item "None" of "Optional[GeneticTrait[Optional[PokerStrategyAlgorithm]]]" has no attribute "value"  [union-attr]
tests\test_poker_evolution_fixes.py:127: error: Item "None" of "Optional[GeneticTrait[Optional[PokerStrategyAlgorithm]]]" has no attribute "value"  [union-attr]
tests\test_poker_evolution_fixes.py:127: error: Item "None" of "Union[PokerStrategyAlgorithm, Any, None]" has no attribute "strategy_id"  [union-attr]
tests\test_poker_evolution_fixes.py:215: error: Incompatible types in assignment (expression has type "PokerStrategyAlgorithm", variable has type "TightAggressiveStrategy")  [assignment]
tests\test_poker_energy_settlement.py:67: error: List item 0 has incompatible type "_DummyFish"; expected "Union[Fish, Plant]"  [list-item]
tests\test_poker_energy_settlement.py:67: error: List item 1 has incompatible type "_DummyFish"; expected "Union[Fish, Plant]"  [list-item]
tests\test_phase_determinism_and_mutation_invariants.py:71: error: Need type annotation for "type_counts"  [var-annotated]
tests\test_phase_determinism_and_mutation_invariants.py:98: error: Need type annotation for "commit_deltas_by_step"  [var-annotated]
tests\test_parity.py:41: error: Item "None" of "Optional[EcosystemManager]" has no attribute "get_summary_stats"  [union-attr]
tests\test_parity.py:62: error: Item "None" of "Optional[EcosystemManager]" has no attribute "get_summary_stats"  [union-attr]
tests\test_movement_policy_runner.py:275: error: Need type annotation for "obs" (hint: "obs: dict[<type>, <type>] = ...")  [var-annotated]
tests\test_movement_policy_runner.py:294: error: Need type annotation for "obs" (hint: "obs: dict[<type>, <type>] = ...")  [var-annotated]
tests\test_mixed_poker_with_plants.py:82: error: Returning Any from function declared to return "float"  [no-any-return]
tests\test_life_evolution_flow.py:29: error: Need type annotation for "births" (hint: "births: list[<type>] = ...")  [var-annotated]
tests\test_life_evolution_flow.py:123: error: Argument 1 to "ReproductionService" has incompatible type "MiniEngine"; expected "SimulationEngine"  [arg-type]
tests\test_life_evolution_flow.py:124: error: Argument 1 to "ReproductionSystem" has incompatible type "MiniEngine"; expected "SimulationEngine"  [arg-type]
tests\test_life_evolution_flow.py:142: error: Argument "environment" to "Fish" has incompatible type "MiniEnvironment"; expected "World"  [arg-type]
tests\test_life_evolution_flow.py:143: error: Argument "movement_strategy" to "Fish" has incompatible type "EnergyConserver"; expected "MovementStrategy"  [arg-type]
tests\test_life_evolution_flow.py:149: error: Argument "ecosystem" to "Fish" has incompatible type "MiniEcosystem"; expected "Optional[EcosystemManager]"  [arg-type]
tests\test_genome_compatibility.py:14: error: Item "None" of "Optional[GeneticTrait[dict[str, float]]]" has no attribute "value"  [union-attr]
tests\test_genome_compatibility.py:94: error: Item "None" of "Optional[GeneticTrait[Optional[str]]]" has no attribute "value"  [union-attr]
tests\test_genome_compatibility.py:96: error: Item "None" of "Optional[GeneticTrait[Optional[dict[str, float]]]]" has no attribute "value"  [union-attr]
tests\test_genome_compatibility.py:99: error: Item "None" of "Optional[GeneticTrait[Optional[str]]]" has no attribute "value"  [union-attr]
tests\test_genome_compatibility.py:100: error: Item "None" of "Optional[GeneticTrait[Optional[str]]]" has no attribute "value"  [union-attr]
tests\test_genome_compatibility.py:121: error: Item "None" of "Optional[GeneticTrait[Optional[str]]]" has no attribute "value"  [union-attr]
tests\test_genome_compatibility.py:122: error: Item "None" of "Optional[GeneticTrait[Optional[dict[str, float]]]]" has no attribute "value"  [union-attr]
tests\test_genome_compatibility.py:124: error: Item "None" of "Optional[GeneticTrait[Optional[str]]]" has no attribute "value"  [union-attr]
tests\test_genome_compatibility.py:125: error: Item "None" of "Optional[GeneticTrait[Optional[dict[str, float]]]]" has no attribute "value"  [union-attr]
tests\test_genome_compatibility.py:172: error: Item "None" of "Optional[GeneticTrait[Optional[str]]]" has no attribute "value"  [union-attr]
tests\test_genome_compatibility.py:175: error: Item "None" of "Optional[GeneticTrait[Optional[dict[str, float]]]]" has no attribute "value"  [union-attr]
tests\test_genome_compatibility.py:176: error: Item "None" of "Optional[GeneticTrait[Optional[dict[str, float]]]]" has no attribute "value"  [union-attr]
tests\test_genome_compatibility.py:200: error: Item "None" of "Optional[GeneticTrait[Optional[str]]]" has no attribute "value"  [union-attr]
tests\test_genome_compatibility.py:201: error: Item "None" of "Optional[GeneticTrait[Optional[str]]]" has no attribute "value"  [union-attr]
tests\test_genome_compatibility.py:203: error: Item "None" of "Optional[GeneticTrait[Optional[str]]]" has no attribute "value"  [union-attr]
tests\test_genome_compatibility.py:226: error: Item "None" of "Optional[GeneticTrait[Optional[dict[str, float]]]]" has no attribute "value"  [union-attr]
tests\test_genome_compatibility.py:227: error: Item "None" of "Optional[GeneticTrait[Optional[dict[str, float]]]]" has no attribute "value"  [union-attr]
tests\test_genetics_refactor.py:151: error: Argument "movement_strategy" to "Fish" has incompatible type "None"; expected "MovementStrategy"  [arg-type]
tests\test_genetics_refactor.py:305: error: "TestGeneticsRefactor" has no attribute "test_mate_compatibility"  [attr-defined]
tests\test_genetic_stats.py:45: error: List item 0 has incompatible type "MockFish"; expected "Fish"  [list-item]
tests\test_genetic_stats.py:94: error: List item 0 has incompatible type "MockFish"; expected "Fish"  [list-item]
tests\test_fish_policy_migration.py:15: error: Item "None" of "Optional[GeneticTrait[Optional[str]]]" has no attribute "value"  [union-attr]
tests\test_fish_policy_migration.py:25: error: Item "None" of "Optional[GeneticTrait[Optional[str]]]" has no attribute "value"  [union-attr]
tests\test_fish_policy_migration.py:42: error: Item "None" of "Optional[GeneticTrait[Optional[str]]]" has no attribute "value"  [union-attr]
tests\test_fish_pause_fix.py:74: error: Incompatible types in assignment (expression has type "ComposableBehavior", variable has type "Optional[GeneticTrait[Optional[ComposableBehavior]]]")  [assignment]
tests\test_fish_pause_fix.py:77: error: "GeneticTrait[Optional[ComposableBehavior]]" has no attribute "threat_response"  [attr-defined]
tests\test_fish_pause_fix.py:80: error: "GeneticTrait[Optional[ComposableBehavior]]" has no attribute "food_approach"  [attr-defined]
tests\test_fish_pause_fix.py:82: error: "GeneticTrait[Optional[ComposableBehavior]]" has no attribute "social_mode"  [attr-defined]
tests\test_fish_pause_fix.py:84: error: "GeneticTrait[Optional[ComposableBehavior]]" has no attribute "poker_engagement"  [attr-defined]
tests\test_evolution_fixes.py:62: error: Item "None" of "Optional[GeneticTrait[Optional[ComposableBehavior]]]" has no attribute "value"  [union-attr]
tests\test_evolution_fixes.py:63: error: Item "None" of "Optional[GeneticTrait[Optional[ComposableBehavior]]]" has no attribute "value"  [union-attr]
tests\test_evolution_fixes.py:66: error: Item "None" of "Union[ComposableBehavior, Any, None]" has no attribute "threat_response"  [union-attr]
tests\test_evolution_fixes.py:69: error: Item "None" of "Union[ComposableBehavior, Any, None]" has no attribute "food_approach"  [union-attr]
tests\test_evolution_fixes.py:72: error: Item "None" of "Union[ComposableBehavior, Any, None]" has no attribute "threat_response"  [union-attr]
tests\test_evolution_fixes.py:75: error: Item "None" of "Union[ComposableBehavior, Any, None]" has no attribute "food_approach"  [union-attr]
tests\test_evolution_fixes.py:83: error: Item "None" of "Optional[GeneticTrait[Optional[ComposableBehavior]]]" has no attribute "value"  [union-attr]
tests\test_evolution_fixes.py:84: error: Item "None" of "Union[ComposableBehavior, Any, None]" has no attribute "threat_response"  [union-attr]
tests\test_evolution_fixes.py:185: error: Name "sys" is not defined  [name-defined]
tests\test_evolution_comprehensive.py:192: error: Argument 1 to "blend_discrete" has incompatible type "str"; expected "int"  [arg-type]
tests\test_evolution_comprehensive.py:192: error: Argument 2 to "blend_discrete" has incompatible type "str"; expected "int"  [arg-type]
tests\test_evolution_comprehensive.py:193: error: Non-overlapping equality check (left operand type: "int", right operand type: "Literal['A']")  [comparison-overlap]
tests\test_evolution_comprehensive.py:404: error: Generator has incompatible item type "int"; expected "bool"  [misc]
tests\test_evolution_comprehensive.py:406: error: Item "None" of "Optional[GeneticTrait[Optional[PokerStrategyAlgorithm]]]" has no attribute "value"  [union-attr]
tests\test_environment.py:39: error: Argument "agents" to "Environment" has incompatible type "Generator[Any, None, None]"; expected "Optional[list[Agent]]"  [arg-type]
tests\test_engine_frame_outputs.py:15: error: Argument "entity_id" to "SpawnRequest" has incompatible type "int"; expected "Optional[str]"  [arg-type]
tests\test_engine_frame_outputs.py:16: error: Argument "entity_id" to "RemovalRequest" has incompatible type "int"; expected "str"  [arg-type]
tests\test_engine_frame_outputs.py:18: error: Argument "entity_id" to "EnergyDeltaRecord" has incompatible type "int"; expected "str"  [arg-type]
tests\test_engine_frame_outputs.py:63: error: Non-overlapping container check (element type: "str", container item type: "SpawnRequest")  [comparison-overlap]
tests\test_energy_integration.py:22: error: Argument "environment" to "Fish" has incompatible type "Optional[Environment]"; expected "World"  [arg-type]
tests\test_energy_integration.py:23: error: Argument "movement_strategy" to "Fish" has incompatible type "DummyMovement"; expected "MovementStrategy"  [arg-type]
tests\test_energy_integration.py:52: error: Item "None" of "Optional[EcosystemManager]" has no attribute "energy_burn"  [union-attr]
tests\test_energy_integration.py:63: error: Argument "environment" to "Fish" has incompatible type "Optional[Environment]"; expected "World"  [arg-type]
tests\test_energy_integration.py:64: error: Argument "movement_strategy" to "Fish" has incompatible type "DummyMovement"; expected "MovementStrategy"  [arg-type]
tests\test_energy_integration.py:82: error: Item "None" of "Optional[Environment]" has no attribute "set_energy_delta_recorder"  [union-attr]
tests\test_energy_integration.py:121: error: Item "None" of "Optional[EcosystemManager]" has no attribute "energy_sources"  [union-attr]
tests\test_energy_integration.py:132: error: Argument "environment" to "Fish" has incompatible type "Optional[Environment]"; expected "World"  [arg-type]
tests\test_energy_integration.py:133: error: Argument "movement_strategy" to "Fish" has incompatible type "DummyMovement"; expected "MovementStrategy"  [arg-type]
tests\test_delta_identity_is_stable.py:20: error: Argument "environment" to "Fish" has incompatible type "Optional[Environment]"; expected "World"  [arg-type]
tests\test_delta_identity_is_stable.py:27: error: Argument 1 to "Food" has incompatible type "Optional[Environment]"; expected "World"  [arg-type]
tests\test_delta_identity_is_stable.py:51: error: Argument 1 to "int" has incompatible type "Optional[str]"; expected "Union[str, Buffer, SupportsInt, SupportsIndex, SupportsTrunc]"  [arg-type]
tests\test_delta_identity_is_stable.py:69: error: Argument 1 to "Food" has incompatible type "Optional[Environment]"; expected "World"  [arg-type]
tests\test_delta_identity_is_stable.py:102: error: Argument 1 to "Food" has incompatible type "Optional[Environment]"; expected "World"  [arg-type]
tests\test_crab_petri_orbit.py:54: error: Argument "environment" to "Crab" has incompatible type "MockPetriEnvironment"; expected "World"  [arg-type]
tests\test_crab_petri_orbit.py:88: error: Argument "environment" to "Crab" has incompatible type "MockTankEnvironment"; expected "World"  [arg-type]
tests\test_crab_petri_orbit.py:108: error: Argument "environment" to "Crab" has incompatible type "MockPetriEnvironment"; expected "World"  [arg-type]
tests\test_code_pool_movement_integration.py:32: error: Argument 1 to "GeneticTrait" has incompatible type "StubBehavior"; expected "Optional[ComposableBehavior]"  [arg-type]
tests\test_architecture_patterns.py:190: error: Cannot assign to a type  [misc]
tests\test_architecture_patterns.py:190: error: Incompatible types in assignment (expression has type "type[MockFish]", variable has type "type[Fish]")  [assignment]
tests\test_architecture_patterns.py:191: error: Cannot assign to a type  [misc]
tests\test_architecture_patterns.py:191: error: Incompatible types in assignment (expression has type "type[MockFood]", variable has type "type[Food]")  [assignment]
tests\test_architecture_patterns.py:193: error: Argument 1 to "CacheManager" has incompatible type "Callable[[], list[object]]"; expected "Callable[[], list[Agent]]"  [arg-type]
tests\test_architecture_patterns.py:193: error: Incompatible return value type (got "list[object]", expected "list[Agent]")  [return-value]
tests\test_architecture_patterns.py:198: error: Non-overlapping container check (element type: "MockFish", container item type: "Fish")  [comparison-overlap]
tests\test_architecture_patterns.py:199: error: Non-overlapping container check (element type: "MockFish", container item type: "Fish")  [comparison-overlap]
tests\test_architecture_patterns.py:204: error: Non-overlapping container check (element type: "MockFood", container item type: "Food")  [comparison-overlap]
tests\test_architecture_patterns.py:207: error: Cannot assign to a type  [misc]
tests\test_architecture_patterns.py:208: error: Cannot assign to a type  [misc]
tests\test_architecture_patterns.py:221: error: Cannot assign to a type  [misc]
tests\test_architecture_patterns.py:221: error: Incompatible types in assignment (expression has type "type[MockFish]", variable has type "type[Fish]")  [assignment]
tests\test_architecture_patterns.py:244: error: Cannot assign to a type  [misc]
tests\test_architecture_patterns.py:257: error: Cannot assign to a type  [misc]
tests\test_architecture_patterns.py:257: error: Incompatible types in assignment (expression has type "type[MockFish]", variable has type "type[Fish]")  [assignment]
tests\test_architecture_patterns.py:259: error: List item 0 has incompatible type "MockFish"; expected "Agent"  [list-item]
tests\test_architecture_patterns.py:270: error: Cannot assign to a type  [misc]
tests\test_architecture_patterns.py:288: error: Item "None" of "Optional[CollisionSystem]" has no attribute "update"  [union-attr]
tests\test_architecture_patterns.py:321: error: Item "None" of "Optional[CollisionSystem]" has no attribute "_do_update"  [union-attr]
tests\test_architecture_patterns.py:324: error: Item "None" of "Optional[CollisionSystem]" has no attribute "check_collision"  [union-attr]
tests\test_architecture_patterns.py:324: error: Argument 1 to "check_collision" of "CollisionSystem" has incompatible type "MockEntity"; expected "Agent"  [arg-type]
tests\test_architecture_patterns.py:324: error: Argument 2 to "check_collision" of "CollisionSystem" has incompatible type "MockEntity"; expected "Agent"  [arg-type]
tests\test_architecture_patterns.py:325: error: Item "None" of "Optional[CollisionSystem]" has no attribute "check_collision"  [union-attr]
tests\test_architecture_patterns.py:325: error: Argument 1 to "check_collision" of "CollisionSystem" has incompatible type "MockEntity"; expected "Agent"  [arg-type]
tests\test_architecture_patterns.py:325: error: Argument 2 to "check_collision" of "CollisionSystem" has incompatible type "MockEntity"; expected "Agent"  [arg-type]
tests\test_architecture_patterns.py:328: error: Item "None" of "Optional[CollisionSystem]" has no attribute "_frame_collisions_checked"  [union-attr]
tests\test_architecture_patterns.py:329: error: Item "None" of "Optional[CollisionSystem]" has no attribute "_frame_collisions_detected"  [union-attr]
tests\test_architecture_patterns.py:332: error: Item "None" of "Optional[CollisionSystem]" has no attribute "_do_update"  [union-attr]
tests\test_architecture_patterns.py:337: error: Item "None" of "Union[SystemResult, Any, None]" has no attribute "details"  [union-attr]
tests\test_architecture_patterns.py:338: error: Item "None" of "Union[SystemResult, Any, None]" has no attribute "details"  [union-attr]
tests\test_architecture_patterns.py:341: error: Item "None" of "Optional[CollisionSystem]" has no attribute "_frame_collisions_checked"  [union-attr]
tests\test_architecture_patterns.py:342: error: Item "None" of "Optional[CollisionSystem]" has no attribute "_frame_collisions_detected"  [union-attr]
tests\test_architecture_patterns.py:354: error: Incompatible types in assignment (expression has type "None", variable has type "SimulationEngine")  [assignment]
tests\test_architecture_patterns.py:373: error: Incompatible types in assignment (expression has type "None", variable has type "SimulationEngine")  [assignment]
tests\test_architecture_patterns.py:392: error: Incompatible types in assignment (expression has type "None", variable has type "SimulationEngine")  [assignment]
tests\test_algorithmic_evolution.py:60: error: Item "None" of "Optional[GeneticTrait[Optional[ComposableBehavior]]]" has no attribute "value"  [union-attr]
tests\test_algorithmic_evolution.py:75: error: Item "None" of "Optional[GeneticTrait[Optional[ComposableBehavior]]]" has no attribute "value"  [union-attr]
tests\test_algorithmic_evolution.py:76: error: Item "None" of "Optional[GeneticTrait[Optional[ComposableBehavior]]]" has no attribute "value"  [union-attr]
tests\test_algorithmic_evolution.py:80: error: Item "None" of "Union[ComposableBehavior, Any, None]" has no attribute "threat_response"  [union-attr]
tests\test_algorithmic_evolution.py:82: error: Item "None" of "Union[ComposableBehavior, Any, None]" has no attribute "food_approach"  [union-attr]
tests\test_algorithmic_evolution.py:85: error: Item "None" of "Union[ComposableBehavior, Any, None]" has no attribute "threat_response"  [union-attr]
tests\test_algorithmic_evolution.py:87: error: Item "None" of "Union[ComposableBehavior, Any, None]" has no attribute "food_approach"  [union-attr]
tests\test_algorithmic_evolution.py:177: error: Need type annotation for "behavior_distribution" (hint: "behavior_distribution: dict[<type>, <type>] = ...")  [var-annotated]
tests\test_algorithm_decoupling.py:33: error: Returning Any from function declared to return "bool"  [no-any-return]
tests\test_algorithm_decoupling.py:112: error: Signature of "random_instance" incompatible with supertype "core.algorithms.base.BehaviorAlgorithm"  [override]
tests\test_algorithm_decoupling.py:112: note:      Superclass:
tests\test_algorithm_decoupling.py:112: note:          @classmethod
tests\test_algorithm_decoupling.py:112: note:          def random_instance(cls, rng: Optional[Random] = ...) -> BehaviorAlgorithm
tests\test_algorithm_decoupling.py:112: note:      Subclass:
tests\test_algorithm_decoupling.py:112: note:          def random_instance(self) -> Any
tests\test_algorithm_decoupling.py:113: error: "TestAlgo" not callable  [operator]
tests\test_agent_components.py:247: error: Cannot instantiate abstract class "TestMicrobe" with abstract attribute "update"  [abstract]
tests\test_agent_components.py:286: error: Cannot instantiate abstract class "TestMicrobe" with abstract attribute "update"  [abstract]
tests\smoke\test_genome_smoke.py:13: error: Item "None" of "Optional[GeneticTrait[dict[str, float]]]" has no attribute "value"  [union-attr]
tests\smoke\test_evolution_smoke.py:91: error: "object" has no attribute "__iter__"; maybe "__dir__" or "__str__"? (not iterable)  [attr-defined]
tests\smoke\test_evolution_smoke.py:103: error: No overload variant of "map" matches argument types "type[str]", "object"  [call-overload]
tests\smoke\test_evolution_smoke.py:103: note: Possible overload variants:
tests\smoke\test_evolution_smoke.py:103: note:     def [_S, _T1] __new__(cls, Callable[[_T1], _S], Iterable[_T1], /) -> map[_S]
tests\smoke\test_evolution_smoke.py:103: note:     def [_S, _T1, _T2] __new__(cls, Callable[[_T1, _T2], _S], Iterable[_T1], Iterable[_T2], /) -> map[_S]
tests\smoke\test_evolution_smoke.py:103: note:     def [_S, _T1, _T2, _T3] __new__(cls, Callable[[_T1, _T2, _T3], _S], Iterable[_T1], Iterable[_T2], Iterable[_T3], /) -> map[_S]
tests\smoke\test_evolution_smoke.py:103: note:     def [_S, _T1, _T2, _T3, _T4] __new__(cls, Callable[[_T1, _T2, _T3, _T4], _S], Iterable[_T1], Iterable[_T2], Iterable[_T3], Iterable[_T4], /) -> map[_S]
tests\smoke\test_evolution_smoke.py:103: note:     def [_S, _T1, _T2, _T3, _T4, _T5] __new__(cls, Callable[[_T1, _T2, _T3, _T4, _T5], _S], Iterable[_T1], Iterable[_T2], Iterable[_T3], Iterable[_T4], Iterable[_T5], /) -> map[_S]
tests\smoke\test_evolution_smoke.py:103: note:     def [_S] __new__(cls, Callable[..., _S], Iterable[Any], Iterable[Any], Iterable[Any], Iterable[Any], Iterable[Any], Iterable[Any], /, *iterables: Iterable[Any]) -> map[_S]
tests\integration\test_proper_energy_scaling.py:57: error: Argument "environment" to "Fish" has incompatible type "MockEnvironment"; expected "World"  [arg-type]
tests\integration\test_proper_energy_scaling.py:58: error: Argument "movement_strategy" to "Fish" has incompatible type "EnergyConserver"; expected "MovementStrategy"  [arg-type]
tests\integration\test_proper_energy_scaling.py:65: error: Argument "ecosystem" to "Fish" has incompatible type "MockEcosystem"; expected "Optional[EcosystemManager]"  [arg-type]
tests\integration\test_proper_energy_scaling.py:70: error: Argument "environment" to "Fish" has incompatible type "MockEnvironment"; expected "World"  [arg-type]
tests\integration\test_proper_energy_scaling.py:71: error: Argument "movement_strategy" to "Fish" has incompatible type "EnergyConserver"; expected "MovementStrategy"  [arg-type]
tests\integration\test_proper_energy_scaling.py:78: error: Argument "ecosystem" to "Fish" has incompatible type "MockEcosystem"; expected "Optional[EcosystemManager]"  [arg-type]
tests\integration\test_live_food_persistence.py:66: error: Argument "x" to "LiveFood" has incompatible type "object"; expected "float"  [arg-type]
tests\integration\test_live_food_persistence.py:67: error: Argument "y" to "LiveFood" has incompatible type "object"; expected "float"  [arg-type]
tests\integration\test_live_food_persistence.py:71: error: Incompatible types in assignment (expression has type "Food", variable has type "LiveFood")  [assignment]
tests\integration\test_live_food_persistence.py:72: error: Argument "x" to "Food" has incompatible type "object"; expected "float"  [arg-type]
tests\integration\test_live_food_persistence.py:73: error: Argument "y" to "Food" has incompatible type "object"; expected "float"  [arg-type]
tests\integration\test_live_food_persistence.py:74: error: Argument "food_type" to "Food" has incompatible type "object"; expected "Optional[str]"  [arg-type]
tests\integration\test_live_food_persistence.py:79: error: Incompatible types in assignment (expression has type "object", variable has type "float")  [assignment]
scripts\verify_plants_no_metabolic_cost.py:29: error: Missing named argument "plant_id" for "Plant"  [call-arg]
scripts\verify_plants_no_metabolic_cost.py:34: error: Unexpected keyword argument "elapsed_time" for "update" of "Plant"  [call-arg]
core\entities\plant.py:339: note: "update" of "Plant" defined here
scripts\test_plant_density.py:9: error: Item "None" of "Optional[RootSpotManager]" has no attribute "spots"  [union-attr]
scripts\test_plant_density.py:23: error: Missing named argument "plant_id" for "Plant"  [call-arg]
scripts\test_plant_density.py:23: error: Argument 1 to "Plant" has incompatible type "Optional[Environment]"; expected "World"  [arg-type]
scripts\test_plant_density.py:24: error: Missing named argument "plant_id" for "Plant"  [call-arg]
scripts\test_plant_density.py:24: error: Argument 1 to "Plant" has incompatible type "Optional[Environment]"; expected "World"  [arg-type]
scripts\test_plant_density.py:25: error: Missing named argument "plant_id" for "Plant"  [call-arg]
scripts\test_plant_density.py:25: error: Argument 1 to "Plant" has incompatible type "Optional[Environment]"; expected "World"  [arg-type]
scripts\profile_simulation.py:28: error: "SimulationEngine" has no attribute "spawn_emergency_fish"  [attr-defined]
scripts\diagnose_poker_evolution.py:174: error: Incompatible types in assignment (expression has type "str", variable has type "float")  [assignment]
scripts\diagnose_poker_evolution.py:175: error: Incompatible types in assignment (expression has type "str", variable has type "float")  [assignment]
scripts\diagnose_poker_evolution.py:269: error: "BehavioralTraits" has no attribute "poker_strategy_algorithm"  [attr-defined]
scripts\diagnose_poker_evolution.py:361: error: Need type annotation for "type_counts"  [var-annotated]
scripts\diagnose_poker_evolution.py:422: error: "BehavioralTraits" has no attribute "poker_strategy_algorithm"  [attr-defined]
scripts\diagnose_poker_evolution.py:423: error: "BehavioralTraits" has no attribute "poker_strategy_algorithm"  [attr-defined]
scripts\diagnose_poker_evolution.py:441: error: "BehavioralTraits" has no attribute "poker_strategy_algorithm"  [attr-defined]
scripts\diagnose_poker_evolution.py:458: error: "BehavioralTraits" has no attribute "poker_strategy_algorithm"  [attr-defined]
scripts\debug_energy_flow.py:57: error: Argument "environment" to "Fish" has incompatible type "MockEnvironment"; expected "World"  [arg-type]
scripts\debug_energy_flow.py:58: error: Argument "movement_strategy" to "Fish" has incompatible type "EnergyConserver"; expected "MovementStrategy"  [arg-type]
scripts\debug_energy_flow.py:65: error: Argument "ecosystem" to "Fish" has incompatible type "MockEcosystem"; expected "Optional[EcosystemManager]"  [arg-type]
scripts\debug_energy_flow.py:70: error: Argument "environment" to "Fish" has incompatible type "MockEnvironment"; expected "World"  [arg-type]
scripts\debug_energy_flow.py:71: error: Argument "movement_strategy" to "Fish" has incompatible type "EnergyConserver"; expected "MovementStrategy"  [arg-type]
scripts\debug_energy_flow.py:78: error: Argument "ecosystem" to "Fish" has incompatible type "MockEcosystem"; expected "Optional[EcosystemManager]"  [arg-type]
scripts\debug_energy_flow.py:84: error: "LifecycleComponent" has no attribute "current_stage"  [attr-defined]
scripts\debug_energy_flow.py:85: error: "LifecycleComponent" has no attribute "current_stage"  [attr-defined]
scripts\debug_energy_flow.py:86: error: "Fish" has no attribute "reproduction_cooldown"; maybe "_reproduction_component"?  [attr-defined]
scripts\debug_energy_flow.py:87: error: "Fish" has no attribute "reproduction_cooldown"; maybe "_reproduction_component"?  [attr-defined]
scripts\debug_energy_flow.py:100: error: Argument 1 to "MixedPokerInteraction" has incompatible type "Fish"; expected "Sequence[Union[Fish, Plant]]"  [arg-type]
scripts\debug_energy_flow.py:115: error: "MixedPokerResult" has no attribute "winner_actual_gain"  [attr-defined]
scripts\debug_energy_flow.py:116: error: "MixedPokerResult" has no attribute "reproduction_occurred"  [attr-defined]
scripts\debug_energy_flow.py:133: error: "MixedPokerResult" has no attribute "reproduction_occurred"  [attr-defined]
scripts\debug_energy_flow.py:135: error: "MixedPokerResult" has no attribute "offspring"  [attr-defined]
core\skill_game_system.py:44: error: Incompatible types in assignment (expression has type "None", variable has type "dict[str, Any]")  [assignment]
core\skill_game_system.py:227: error: Argument 1 to "play_round" of "SkillGame" has incompatible type "Optional[SkillStrategy[Any]]"; expected "SkillStrategy[Any]"  [arg-type]
core\skill_game_system.py:241: error: Argument 1 to "play_round" of "SkillGame" has incompatible type "Optional[SkillStrategy[Any]]"; expected "SkillStrategy[Any]"  [arg-type]
core\worlds\tank\soccer_observations.py:148: error: Incompatible types in assignment (expression has type "float", target has type "Union[bool, str, None]")  [assignment]
core\worlds\tank\soccer_observations.py:149: error: Incompatible types in assignment (expression has type "float", target has type "Union[bool, str, None]")  [assignment]
core\minigames\soccer\scheduler.py:126: error: "None" not callable  [misc]
core\minigames\soccer\scheduler.py:223: error: Argument "match_id" to "_build_skip_outcome" of "SoccerMinigameScheduler" has incompatible type "Optional[str]"; expected "str"  [arg-type]
core\genetics\code_policy_traits.py:332: error: Argument 2 to "setattr" has incompatible type "Optional[str]"; expected "str"  [arg-type]
backend\runner\commands\food.py:27: error: Argument 1 to "Food" has incompatible type "Optional[Any]"; expected "World"  [arg-type]
backend\runner\commands\fish.py:41: error: Argument 1 to "Fish" has incompatible type "Optional[Any]"; expected "World"  [arg-type]
tests\test_energy_accounting.py:20: error: Need type annotation for "agents" (hint: "agents: list[<type>] = ...")  [var-annotated]
tests\test_energy_accounting.py:45: error: Argument "environment" to "Fish" has incompatible type "_EnvStub"; expected "World"  [arg-type]
tests\test_energy_accounting.py:54: error: Argument "environment" to "Fish" has incompatible type "_EnvStub"; expected "World"  [arg-type]
tests\test_energy_accounting.py:68: error: Argument 1 to "SkillGameSystem" has incompatible type "object"; expected "SimulationEngine"  [arg-type]
tests\test_energy_accounting.py:96: error: Argument "environment" to "Fish" has incompatible type "_EnvStub"; expected "World"  [arg-type]
tests\test_energy_accounting.py:109: error: Argument 1 to "SkillGameSystem" has incompatible type "object"; expected "SimulationEngine"  [arg-type]
tests\test_energy_accounting.py:152: error: Argument "environment" to "Plant" has incompatible type "_EnvStub"; expected "World"  [arg-type]
tests\test_energy_accounting.py:154: error: Argument "root_spot" to "Plant" has incompatible type "_RootSpotStub"; expected "Optional[RootSpot]"  [arg-type]
tests\test_energy_accounting.py:255: error: Item "None" of "Optional[PokerSystem]" has no attribute "_record_and_apply_mixed_poker_outcome"  [union-attr]
tests\test_energy_accounting.py:308: error: Item "None" of "Optional[PokerSystem]" has no attribute "_record_and_apply_mixed_poker_outcome"  [union-attr]
tests\test_serializers.py:55: error: Value of type "Optional[dict[str, Any]]" is not indexable  [index]
tests\test_serializers.py:56: error: Value of type "Optional[dict[str, Any]]" is not indexable  [index]
tests\test_serializers.py:57: error: Value of type "Optional[dict[str, Any]]" is not indexable  [index]
tests\test_protocols.py:332: error: Argument 1 to "update" of "EnergyDrainSystem" has incompatible type "list[SimpleMock]"; expected "list[EnergyHolder]"  [arg-type]
tests\test_protocols.py:332: note: "list" is invariant -- see https://mypy.readthedocs.io/en/stable/common_issues.html#variance
tests\test_protocols.py:332: note: Consider using "Sequence" instead, which is covariant
tests\test_protocols.py:384: error: Unexpected keyword argument "speed" for "Crab"  [call-arg]
core\entities\predators.py:25: note: "Crab" defined here
backend\tests\test_petri_root_spots.py:83: error: Argument "dish" to "CircularRootSpotManager" has incompatible type "MockPetriDish"; expected "PetriDish"  [arg-type]
core\worlds\petri\pack.py:143: error: Argument "environment" to "PlantManager" has incompatible type "Optional[Environment]"; expected "Environment"  [arg-type]
core\worlds\petri\pack.py:160: error: Argument 1 to "register" of "SystemRegistry" has incompatible type "Optional[EntityLifecycleSystem]"; expected "BaseSystem"  [arg-type]
core\worlds\petri\pack.py:163: error: Argument 1 to "register" of "SystemRegistry" has incompatible type "Optional[CollisionSystem]"; expected "BaseSystem"  [arg-type]
core\worlds\petri\pack.py:164: error: Argument 1 to "register" of "SystemRegistry" has incompatible type "Optional[PokerProximitySystem]"; expected "BaseSystem"  [arg-type]
core\worlds\petri\pack.py:165: error: Argument 1 to "register" of "SystemRegistry" has incompatible type "Optional[ReproductionSystem]"; expected "BaseSystem"  [arg-type]
core\worlds\petri\pack.py:166: error: Argument 1 to "register" of "SystemRegistry" has incompatible type "Optional[PokerSystem]"; expected "BaseSystem"  [arg-type]
core\worlds\tank\backend.py:130: error: Incompatible types in assignment (expression has type "Union[SystemPack, TankPack]", variable has type "Optional[TankPack]")  [assignment]
backend\world_persistence.py:205: error: Returning Any from function declared to return "Optional[dict[str, Any]]"  [no-any-return]
backend\world_persistence.py:320: error: Incompatible types in assignment (expression has type "Food", variable has type "LiveFood")  [assignment]
backend\world_persistence.py:433: error: Argument "environment" to "Castle" has incompatible type "Optional[Any]"; expected "World"  [arg-type]
backend\world_persistence.py:487: error: Returning Any from function declared to return "Optional[str]"  [no-any-return]
tests\test_policy_adapter.py:73: error: Argument "movement_strategy" to "Fish" has incompatible type "None"; expected "MovementStrategy"  [arg-type]
tests\test_poker_strategy_base_unit.py:64: error: Argument 1 to "update_from_game" of "OpponentModel" has incompatible type "**dict[str, float]"; expected "bool"  [arg-type]
tests\test_poker_strategy_base_unit.py:64: error: Argument 1 to "update_from_game" of "OpponentModel" has incompatible type "**dict[str, float]"; expected "int"  [arg-type]
tests\test_poker_strategy_base_unit.py:90: error: Argument 1 to "PokerStrategyEngine" has incompatible type "DummyFish"; expected "Fish"  [arg-type]
tests\test_poker_strategy_base_unit.py:101: error: Argument 1 to "PokerStrategyEngine" has incompatible type "DummyFish"; expected "Fish"  [arg-type]
tests\test_poker_strategy_base_unit.py:118: error: Argument 1 to "PokerStrategyEngine" has incompatible type "DummyFish"; expected "Fish"  [arg-type]
tests\test_poker_strategy_base_unit.py:134: error: Argument 1 to "PokerStrategyEngine" has incompatible type "DummyFish"; expected "Fish"  [arg-type]
tests\test_poker_strategy_base_unit.py:150: error: Argument 1 to "PokerStrategyEngine" has incompatible type "DummyFish"; expected "Fish"  [arg-type]
tests\test_poker_strategy_base_unit.py:157: error: Argument "rng" to "should_bluff" of "PokerStrategyEngine" has incompatible type "FixedRng"; expected "Optional[Random]"  [arg-type]
tests\test_poker_strategy_base_unit.py:165: error: Argument "rng" to "should_bluff" of "PokerStrategyEngine" has incompatible type "FixedRng"; expected "Optional[Random]"  [arg-type]
tests\test_poker_strategy_base_unit.py:172: error: Argument 1 to "PokerStrategyEngine" has incompatible type "DummyFish"; expected "Fish"  [arg-type]
tests\test_poker_strategy_base_unit.py:187: error: Argument 1 to "PokerStrategyEngine" has incompatible type "DummyFish"; expected "Fish"  [arg-type]
tests\test_poker_strategy_base_unit.py:203: error: Argument 1 to "PokerStrategyEngine" has incompatible type "DummyFish"; expected "Fish"  [arg-type]
tests\test_soccer_goal_attribution.py:212: error: Need type annotation for "fitness_by_goals" (hint: "fitness_by_goals: dict[<type>, <type>] = ...")  [var-annotated]
tests\test_soccer_goal_attribution.py:272: error: Need type annotation for "soccer_policy_params"  [var-annotated]
tests\test_soccer_goal_attribution.py:277: error: Incompatible types in assignment (expression has type "MockBehavioral", variable has type "BehavioralTraits")  [assignment]
tests\test_evolution_module.py:288: error: Item "None" of "Optional[GeneticTrait[Optional[ComposableBehavior]]]" has no attribute "value"  [union-attr]
tests\test_evolution_module.py:356: error: Item "None" of "Optional[GeneticTrait[Optional[ComposableBehavior]]]" has no attribute "value"  [union-attr]
tests\test_engine_phase_hooks.py:142: error: "Fish" has no attribute "_is_dead"; maybe "is_dead"?  [attr-defined]
tests\test_soccer_integration.py:255: error: Need type annotation for "fish_teams"  [var-annotated]
tests\conftest.py:66: error: Need type annotation for "entities_list" (hint: "entities_list: list[<type>] = ...")  [var-annotated]
scripts\cleanup_tanks.py:32: error: Name "list_tank_snapshots" is not defined  [name-defined]
scripts\cleanup_tanks.py:69: error: Argument "key" to "sort" of "list" has incompatible type "Callable[[dict[str, object]], object]"; expected "Callable[[dict[str, object]], Union[SupportsDunderLT[Any], SupportsDunderGT[Any]]]"  [arg-type]
scripts\cleanup_tanks.py:69: error: Incompatible return value type (got "object", expected "Union[SupportsDunderLT[Any], SupportsDunderGT[Any]]")  [return-value]
scripts\cleanup_tanks.py:78: error: Value of type "object" is not indexable  [index]
scripts\cleanup_tanks.py:92: error: Unsupported operand types for / ("Path" and "object")  [operator]
scripts\cleanup_tanks.py:96: error: Value of type "object" is not indexable  [index]
tests\test_soccer_world.py:69: error: Item "None" of "Optional[RCSSPlayerState]" has no attribute "position"  [union-attr]
tests\test_soccer_world.py:75: error: Item "None" of "Optional[RCSSPlayerState]" has no attribute "position"  [union-attr]
tests\test_soccer_world.py:85: error: Item "None" of "Optional[RCSSPlayerState]" has no attribute "body_angle"  [union-attr]
tests\test_soccer_world.py:91: error: Item "None" of "Optional[RCSSPlayerState]" has no attribute "body_angle"  [union-attr]
tests\test_soccer_world.py:128: error: Item "None" of "Optional[RCSSPlayerState]" has no attribute "position"  [union-attr]
tests\test_soccer_world.py:129: error: Item "None" of "Optional[RCSSPlayerState]" has no attribute "position"  [union-attr]
tests\test_soccer_world.py:148: error: Item "None" of "Optional[RCSSPlayerState]" has no attribute "position"  [union-attr]
tests\test_soccer_world.py:300: error: Argument "fish_players" to "SoccerMatch" has incompatible type "list[MagicMock]"; expected "list[Fish]"  [arg-type]
tests\test_soccer_world.py:300: note: "list" is invariant -- see https://mypy.readthedocs.io/en/stable/common_issues.html#variance
tests\test_soccer_world.py:300: note: Consider using "Sequence" instead, which is covariant
tests\test_soccer_animation.py:44: error: Item "None" of "Optional[RCSSPlayerState]" has no attribute "position"  [union-attr]
tests\test_soccer_animation.py:45: error: Item "None" of "Optional[RCSSPlayerState]" has no attribute "position"  [union-attr]
tests\test_soccer_animation.py:53: error: Item "None" of "Optional[RCSSPlayerState]" has no attribute "position"  [union-attr]
tests\test_soccer_animation.py:54: error: Item "None" of "Optional[RCSSPlayerState]" has no attribute "position"  [union-attr]
tests\test_rcss_conformance.py:54: error: Item "None" of "Optional[RCSSPlayerState]" has no attribute "velocity"  [union-attr]
tests\test_rcss_conformance.py:92: error: Item "None" of "Optional[RCSSPlayerState]" has no attribute "velocity"  [union-attr]
tests\test_rcss_conformance.py:96: error: Item "None" of "Optional[RCSSPlayerState]" has no attribute "velocity"  [union-attr]
tests\test_rcss_conformance.py:140: error: Item "None" of "Optional[RCSSPlayerState]" has no attribute "velocity"  [union-attr]
tests\test_rcss_conformance.py:147: error: Item "None" of "Optional[RCSSPlayerState]" has no attribute "body_angle"  [union-attr]
tests\test_rcss_conformance.py:154: error: Item "None" of "Optional[RCSSPlayerState]" has no attribute "body_angle"  [union-attr]
tests\test_rcss_conformance.py:183: error: Item "None" of "Optional[RCSSPlayerState]" has no attribute "stamina"  [union-attr]
tests\test_rcss_conformance.py:189: error: Item "None" of "Optional[RCSSPlayerState]" has no attribute "stamina"  [union-attr]
tests\test_rcss_conformance.py:204: error: Item "None" of "Optional[RCSSPlayerState]" has no attribute "stamina"  [union-attr]
tests\test_rcss_conformance.py:210: error: Item "None" of "Optional[RCSSPlayerState]" has no attribute "stamina"  [union-attr]
tests\test_rcss_conformance.py:236: error: Item "None" of "Optional[RCSSPlayerState]" has no attribute "position"  [union-attr]
tests\test_rcss_conformance.py:258: error: Item "None" of "Optional[RCSSPlayerState]" has no attribute "position"  [union-attr]
tests\test_genome_policy_integration.py:157: error: Item "None" of "Optional[GeneticTrait[Optional[str]]]" has no attribute "value"  [union-attr]
scripts\rcss_adapter_smoketest.py:48: error: Item "None" of "Optional[RCSSPlayerState]" has no attribute "position"  [union-attr]
scripts\rcss_adapter_smoketest.py:49: error: Item "None" of "Optional[RCSSPlayerState]" has no attribute "position"  [union-attr]
scripts\rcss_adapter_smoketest.py:59: error: Item "None" of "Optional[RCSSPlayerState]" has no attribute "position"  [union-attr]
scripts\rcss_adapter_smoketest.py:60: error: Item "None" of "Optional[RCSSPlayerState]" has no attribute "position"  [union-attr]
backend\server_client.py:99: error: Item "None" of "Optional[AsyncClient]" has no attribute "request"  [union-attr]
backend\server_client.py:193: error: Returning Any from function declared to return "Optional[list[dict[str, Any]]]"  [no-any-return]
backend\server_client.py:224: error: Returning Any from function declared to return "Optional[dict[str, Any]]"  [no-any-return]
backend\server_client.py:262: error: Returning Any from function declared to return "Optional[dict[str, Any]]"  [no-any-return]
backend\server_client.py:301: error: Returning Any from function declared to return "Optional[dict[str, Any]]"  [no-any-return]
backend\server_client.py:333: error: Returning Any from function declared to return "Optional[list[dict[str, Any]]]"  [no-any-return]
backend\server_client.py:334: error: Returning Any from function declared to return "Optional[list[dict[str, Any]]]"  [no-any-return]
backend\server_client.py:439: error: Returning Any from function declared to return "Optional[dict[str, Any]]"  [no-any-return]
tests\test_soccer_selection_pressure.py:113: error: Item "None" of "Optional[GeneticTrait[Optional[str]]]" has no attribute "value"  [union-attr]
tests\test_soccer_selection_pressure.py:126: error: Item "None" of "Optional[GeneticTrait[Optional[str]]]" has no attribute "value"  [union-attr]
tests\test_soccer_evolution_runner.py:104: error: Item "None" of "Optional[GeneticTrait[Optional[str]]]" has no attribute "value"  [union-attr]
tests\test_backend_api.py:144: error: Argument "remote_worlds" to "FakeServerClient" has incompatible type "list[dict[str, str]]"; expected "Optional[list[dict[str, object]]]"  [arg-type]
tools\archive\evaluate_new_solution.py:52: error: "dict[str, Any]" has no attribute "total_games"  [attr-defined]
tools\archive\evaluate_new_solution.py:53: error: "dict[str, Any]" has no attribute "win_rate"  [attr-defined]
tools\archive\evaluate_new_solution.py:54: error: "dict[str, Any]" has no attribute "button_win_rate"  [attr-defined]
tools\archive\evaluate_new_solution.py:54: error: "dict[str, Any]" has no attribute "games_on_button"  [attr-defined]
tools\archive\evaluate_new_solution.py:55: error: "dict[str, Any]" has no attribute "non_button_win_rate"  [attr-defined]
tools\archive\evaluate_new_solution.py:55: error: "dict[str, Any]" has no attribute "games_non_button"  [attr-defined]
tools\archive\evaluate_new_solution.py:56: error: "dict[str, Any]" has no attribute "positional_advantage"  [attr-defined]
tools\archive\evaluate_new_solution.py:57: error: "dict[str, Any]" has no attribute "roi"  [attr-defined]
tools\archive\evaluate_new_solution.py:58: error: "dict[str, Any]" has no attribute "best_streak"  [attr-defined]
tools\archive\evaluate_new_solution.py:59: error: "dict[str, Any]" has no attribute "skill_trend"  [attr-defined]
tools\archive\evaluate_new_solution.py:97: error: "dict[str, Any]" has no attribute "button_win_rate"  [attr-defined]
tools\archive\evaluate_new_solution.py:98: error: "dict[str, Any]" has no attribute "non_button_win_rate"  [attr-defined]
tools\archive\evaluate_new_solution.py:99: error: "dict[str, Any]" has no attribute "positional_advantage"  [attr-defined]
tools\archive\capture_sonnet_solution.py:11: error: Cannot find implementation or library stub for module named "core.tank_world"  [import-not-found]
tools\archive\capture_haiku_solution_100k.py:11: error: Cannot find implementation or library stub for module named "core.tank_world"  [import-not-found]
tools\archive\capture_haiku_solution.py:11: error: Cannot find implementation or library stub for module named "core.tank_world"  [import-not-found]
tools\archive\capture_gpt5_prime_solution.py:12: error: Cannot find implementation or library stub for module named "core.tank_world"  [import-not-found]
tools\archive\capture_gpt5_prime_solution.py:110: error: X | Y syntax for unions requires Python 3.10  [syntax]
tools\archive\capture_gpt5_prime_solution.py:258: error: Item "None" of "Optional[BenchmarkResult]" has no attribute "elo_rating"  [union-attr]
tools\archive\capture_gpt5_prime_solution.py:278: error: Item "None" of "Optional[BenchmarkResult]" has no attribute "elo_rating"  [union-attr]
tools\archive\capture_gpt5_prime_solution.py:278: error: Item "None" of "Optional[BenchmarkResult]" has no attribute "skill_tier"  [union-attr]
tools\archive\capture_gpt5_prime_solution.py:279: error: Item "None" of "Optional[BenchmarkResult]" has no attribute "weighted_bb_per_100"  [union-attr]
tools\archive\capture_antigravity_solution_v3.py:11: error: Cannot find implementation or library stub for module named "core.tank_world"  [import-not-found]
scripts\run_ai_tournament.py:69: error: Returning Any from function declared to return "dict[str, Any]"  [no-any-return]
scripts\run_ai_tournament.py:282: error: Item "None" of "Optional[BenchmarkResult]" has no attribute "elo_rating"  [union-attr]
scripts\run_ai_tournament.py:282: error: Item "None" of "Optional[BenchmarkResult]" has no attribute "skill_tier"  [union-attr]
scripts\run_ai_tournament.py:282: error: Item "None" of "Optional[BenchmarkResult]" has no attribute "weighted_bb_per_100"  [union-attr]
scripts\run_ai_tournament.py:292: error: Item "None" of "Optional[BenchmarkResult]" has no attribute "elo_rating"  [union-attr]
scripts\run_ai_tournament.py:292: error: Item "None" of "Optional[BenchmarkResult]" has no attribute "weighted_bb_per_100"  [union-attr]
scripts\archive\evolve_gemini3_champion.py:18: error: Cannot find implementation or library stub for module named "core.tank_world"  [import-not-found]
scripts\archive\evolve_gemini3_champion.py:50: error: Returning Any from function declared to return "float"  [no-any-return]
scripts\archive\evolve_and_capture_sonnet45.py:13: error: Cannot find implementation or library stub for module named "core.tank_world"  [import-not-found]
scripts\archive\evolve_and_capture_sonnet45.py:45: error: Returning Any from function declared to return "float"  [no-any-return]
scripts\archive\capture_sonnet45_improved.py:16: error: Cannot find implementation or library stub for module named "core.tank_world"  [import-not-found]
scripts\archive\capture_gpt_5_2_solution.py:25: error: Cannot find implementation or library stub for module named "core.tank_world"  [import-not-found]
scripts\archive\capture_gpt_5_2_solution.py:101: error: Item "None" of "Optional[FishPokerStats]" has no attribute "total_games"  [union-attr]
scripts\archive\capture_gpt_5_2_solution.py:101: error: Generator has incompatible item type "Union[int, Any]"; expected "bool"  [misc]
scripts\archive\capture_gpt_5_2_solution.py:115: error: Item "None" of "Optional[FishPokerStats]" has no attribute "total_games"  [union-attr]
scripts\archive\capture_gpt_5_2_solution.py:115: error: Generator has incompatible item type "Union[int, Any]"; expected "bool"  [misc]
scripts\archive\capture_first_solution.py:19: error: Cannot find implementation or library stub for module named "core.tank_world"  [import-not-found]
tools\run_ai_tournament.py:67: error: Incompatible types in assignment (expression has type "float", variable has type "int")  [assignment]
tools\run_ai_tournament.py:74: error: Argument 1 to "capture_solution" of "SolutionTracker" has incompatible type "Optional[Fish]"; expected "Fish"  [arg-type]
tools\run_ai_tournament.py:129: error: Argument 1 to "run_simulation" has incompatible type "object"; expected "int"  [arg-type]
tools\run_ai_tournament.py:129: error: Argument 2 to "run_simulation" has incompatible type "object"; expected "int"  [arg-type]
tools\run_ai_tournament.py:130: error: Argument 2 to "capture_solution_from_world" has incompatible type "object"; expected "str"  [arg-type]
tools\run_ai_tournament.py:130: error: Argument 3 to "capture_solution_from_world" has incompatible type "object"; expected "str"  [arg-type]
tests\test_worldloop_contract.py:104: error: List item 0 has incompatible type "dict[str, str]"; expected "SpawnRequest"  [list-item]
tests\test_worldloop_contract.py:105: error: List item 0 has incompatible type "dict[str, str]"; expected "RemovalRequest"  [list-item]
tests\test_worldloop_contract.py:106: error: List item 0 has incompatible type "dict[str, object]"; expected "EnergyDeltaRecord"  [list-item]
tests\test_worldloop_contract.py:112: error: Value of type "Optional[dict[str, Any]]" is not indexable  [index]
tests\test_worldloop_contract.py:524: error: "EntityIdentityProvider" has no attribute "_entity_stable_ids"  [attr-defined]
tests\test_worldloop_contract.py:535: error: "EntityIdentityProvider" has no attribute "_entity_stable_ids"  [attr-defined]
tests\test_worldloop_contract.py:566: error: "EntityIdentityProvider" has no attribute "_entity_stable_ids"  [attr-defined]
tests\test_worldloop_contract.py:567: error: "EntityIdentityProvider" has no attribute "_entity_stable_ids"  [attr-defined]
tests\test_worldloop_contract.py:577: error: "EntityIdentityProvider" has no attribute "_entity_stable_ids"  [attr-defined]
tests\test_worldloop_contract.py:580: error: "EntityIdentityProvider" has no attribute "_entity_stable_ids"  [attr-defined]
tests\test_persistence_hardening.py:26: error: Argument "environment" to "Fish" has incompatible type "MultiAgentWorldBackend"; expected "World"  [arg-type]
tests\test_persistence_hardening.py:48: error: Argument "environment" to "Plant" has incompatible type "MultiAgentWorldBackend"; expected "World"  [arg-type]
tests\test_persistence_hardening.py:58: error: Argument "environment" to "PlantNectar" has incompatible type "MultiAgentWorldBackend"; expected "World"  [arg-type]
tests\test_identity_provider_protocols.py:19: error: X | Y syntax for unions requires Python 3.10  [syntax]
tests\test_identity_provider_protocols.py:34: error: X | Y syntax for unions requires Python 3.10  [syntax]
tests\test_entity_transfer_codecs.py:43: error: Item "None" of "Optional[GeneticTrait[dict[str, float]]]" has no attribute "value"  [union-attr]
tests\test_adapter_update_hot_path.py:29: error: "MultiAgentWorldBackend" has no attribute "update"  [attr-defined]
scripts\verify_skill_games.py:111: error: Incompatible types in assignment (expression has type "float", variable has type "int")  [assignment]
scripts\verify_skill_games.py:112: error: Incompatible types in assignment (expression has type "float", variable has type "int")  [assignment]
scripts\verify_skill_games.py:142: error: Incompatible types in assignment (expression has type "float", variable has type "int")  [assignment]
scripts\verify_skill_games.py:146: error: Incompatible types in assignment (expression has type "float", variable has type "int")  [assignment]
scripts\verify_skill_games.py:177: error: Item "None" of "Optional[SkillGame]" has no attribute "name"  [union-attr]
scripts\verify_skill_games.py:196: error: Item "None" of "Optional[SkillGame]" has no attribute "name"  [union-attr]
scripts\verify_skill_games.py:197: error: Item "None" of "Optional[SkillGame]" has no attribute "game_type"  [union-attr]
scripts\verify_skill_games.py:347: error: Incompatible types in assignment (expression has type "str", variable has type "SkillGameType")  [assignment]
scripts\train_petri_dish.py:60: error: Argument 3 to "create_world" of "WorldRegistry" has incompatible type "**dict[str, int]"; expected "Optional[dict[str, Any]]"  [arg-type]
scripts\train_petri_dish.py:60: note: "dict" is invariant -- see https://mypy.readthedocs.io/en/stable/common_issues.html#variance
scripts\train_petri_dish.py:60: note: Consider using "Mapping" instead, which is covariant in the value type
scripts\train_petri_dish.py:65: error: "MultiAgentWorldBackend" has no attribute "world"  [attr-defined]
scripts\train_petri_dish.py:72: error: "MultiAgentWorldBackend" has no attribute "world"  [attr-defined]
scripts\train_petri_dish.py:76: error: "MultiAgentWorldBackend" has no attribute "world"  [attr-defined]
scripts\train_petri_dish.py:77: error: "MultiAgentWorldBackend" has no attribute "world"  [attr-defined]
scripts\train_petri_dish.py:91: error: "MultiAgentWorldBackend" has no attribute "world"  [attr-defined]
scripts\train_petri_dish.py:95: error: "MultiAgentWorldBackend" has no attribute "world"  [attr-defined]
scripts\train_petri_dish.py:102: error: "MultiAgentWorldBackend" has no attribute "world"  [attr-defined]
scripts\train_petri_dish.py:119: error: "MultiAgentWorldBackend" has no attribute "world"  [attr-defined]
scripts\train_petri_dish.py:135: error: "MultiAgentWorldBackend" has no attribute "world"  [attr-defined]
scripts\train_petri_dish.py:146: error: "MultiAgentWorldBackend" has no attribute "world"  [attr-defined]
scripts\train_petri_dish.py:147: error: "MultiAgentWorldBackend" has no attribute "world"  [attr-defined]
scripts\train_petri_dish.py:148: error: "MultiAgentWorldBackend" has no attribute "world"  [attr-defined]
scripts\trace_energy.py:24: error: Name "TankWorld" is not defined  [name-defined]
scripts\trace_energy.py:145: error: Argument 3 to "create_world" of "WorldRegistry" has incompatible type "**dict[str, int]"; expected "Optional[dict[str, Any]]"  [arg-type]
scripts\trace_energy.py:145: note: "dict" is invariant -- see https://mypy.readthedocs.io/en/stable/common_issues.html#variance
scripts\trace_energy.py:145: note: Consider using "Mapping" instead, which is covariant in the value type
scripts\test_skill_games_headless.py:164: error: Incompatible types in assignment (expression has type "dict[str, Any]", variable has type "SkillGameEvent")  [assignment]
scripts\test_skill_games_headless.py:166: error: Value of type "SkillGameEvent" is not indexable  [index]
scripts\test_skill_games_headless.py:167: error: Value of type "SkillGameEvent" is not indexable  [index]
scripts\test_skill_games_headless.py:213: error: Incompatible types in assignment (expression has type "str", variable has type "SkillGameType")  [assignment]
scripts\diagnose_food_seeking.py:23: error: Name "TankWorld" is not defined  [name-defined]
scripts\diagnose_food_seeking.py:37: error: Need type annotation for "prev_food_ids" (hint: "prev_food_ids: set[<type>] = ...")  [var-annotated]
scripts\diagnose_food_seeking.py:133: error: Argument 3 to "create_world" of "WorldRegistry" has incompatible type "**dict[str, int]"; expected "Optional[dict[str, Any]]"  [arg-type]
scripts\diagnose_food_seeking.py:133: note: "dict" is invariant -- see https://mypy.readthedocs.io/en/stable/common_issues.html#variance
scripts\diagnose_food_seeking.py:133: note: Consider using "Mapping" instead, which is covariant in the value type
scripts\benchmark_performance.py:46: error: "MultiAgentWorldBackend" has no attribute "update"  [attr-defined]
scripts\benchmark_performance.py:51: error: "MultiAgentWorldBackend" has no attribute "update"  [attr-defined]
scripts\benchmark_performance.py:91: error: "MultiAgentWorldBackend" has no attribute "update"  [attr-defined]
scripts\benchmark_performance.py:99: error: "MultiAgentWorldBackend" has no attribute "update"  [attr-defined]
scripts\analyze_population.py:65: error: Generator has incompatible item type "int"; expected "bool"  [misc]
scripts\analyze_population.py:65: error: "Fish" has no attribute "reproduction_cooldown"; maybe "_reproduction_component"?  [attr-defined]
scripts\analyze_energy.py:24: error: Name "TankWorld" is not defined  [name-defined]
scripts\analyze_energy.py:66: error: Incompatible types in assignment (expression has type "float", variable has type "int")  [assignment]
scripts\analyze_energy.py:68: error: Incompatible types in assignment (expression has type "float", variable has type "int")  [assignment]
scripts\analyze_energy.py:128: error: Incompatible types in assignment (expression has type "float", variable has type "int")  [assignment]
scripts\analyze_energy.py:156: error: Argument 3 to "create_world" of "WorldRegistry" has incompatible type "**dict[str, int]"; expected "Optional[dict[str, Any]]"  [arg-type]
scripts\analyze_energy.py:156: note: "dict" is invariant -- see https://mypy.readthedocs.io/en/stable/common_issues.html#variance
scripts\analyze_energy.py:156: note: Consider using "Mapping" instead, which is covariant in the value type
tests\test_world_registry.py:147: error: Item "None" of "Optional[SimulationEngine]" has no attribute "frame_count"  [union-attr]
tests\test_world_registry.py:149: error: Item "None" of "Optional[SimulationEngine]" has no attribute "frame_count"  [union-attr]
tests\test_world_registry.py:152: error: Item "None" of "Optional[SimulationEngine]" has no attribute "frame_count"  [union-attr]
tests\test_world_registry.py:224: error: Item "None" of "Optional[SimulationEngine]" has no attribute "frame_count"  [union-attr]
tests\test_world_registry.py:229: error: Item "None" of "Optional[SimulationEngine]" has no attribute "frame_count"  [union-attr]
scripts\ai_code_evolution_agent.py:88: error: Returning Any from function declared to return "dict[Any, Any]"  [no-any-return]
scripts\ai_code_evolution_agent.py:226: error: Cannot find implementation or library stub for module named "anthropic"  [import-not-found]
scripts\ai_code_evolution_agent.py:239: error: Returning Any from function declared to return "str"  [no-any-return]
scripts\ai_code_evolution_agent.py:251: error: Cannot find implementation or library stub for module named "openai"  [import-not-found]
scripts\ai_code_evolution_agent.py:264: error: Returning Any from function declared to return "str"  [no-any-return]
backend\simulation_runner.py:391: error: Returning Any from function declared to return "bool"  [no-any-return]
backend\simulation_runner.py:788: error: Argument 1 to "build" of "SnapshotBuilder" has incompatible type "None"; expected "StepResult"  [arg-type]
backend\simulation_runner.py:891: error: Returning Any from function declared to return "list[dict[str, Any]]"  [no-any-return]
backend\simulation_runner.py:903: error: Returning Any from function declared to return "dict[str, Any]"  [no-any-return]
tests\test_tank_soccer_toggle.py:28: error: Value of type "Optional[dict[str, Any]]" is not indexable  [index]
tests\test_tank_soccer_toggle.py:29: error: Value of type "Optional[dict[str, Any]]" is not indexable  [index]
tests\test_tank_soccer_toggle.py:47: error: Value of type "Optional[dict[str, Any]]" is not indexable  [index]
tests\test_tank_soccer_toggle.py:48: error: Value of type "Optional[dict[str, Any]]" is not indexable  [index]
tests\test_simulation_runner_commands.py:45: error: Cannot assign to a method  [method-assign]
tests\test_mode_switch_population_preservation.py:254: error: Cannot assign to a method  [method-assign]
tests\test_mode_switch_population_preservation.py:266: error: Cannot assign to a method  [method-assign]
tests\test_migration_selection_determinism.py:44: error: Argument "connection_manager" to "MigrationHandler" has incompatible type "object"; expected "ConnectionManager"  [arg-type]
tests\test_migration_selection_determinism.py:44: error: Argument "world_manager" to "MigrationHandler" has incompatible type "object"; expected "WorldManager"  [arg-type]
tests\test_connector_logic.py:31: error: Item "None" of "Optional[TankConnection]" has no attribute "probability"  [union-attr]
tests\manual_test_poker_game.py:214: error: Item "None" of "Optional[FishPokerStats]" has no attribute "total_games"  [union-attr]
tests\manual_test_poker_game.py:215: error: Item "None" of "Optional[FishPokerStats]" has no attribute "wins"  [union-attr]
tests\manual_test_poker_game.py:216: error: Item "None" of "Optional[FishPokerStats]" has no attribute "losses"  [union-attr]
tests\manual_test_poker_game.py:217: error: Item "FishPokerStats" of "Optional[FishPokerStats]" has no attribute "energy_won"  [union-attr]
tests\manual_test_poker_game.py:217: error: Item "None" of "Optional[FishPokerStats]" has no attribute "energy_won"  [union-attr]
tests\manual_test_poker_game.py:218: error: Item "FishPokerStats" of "Optional[FishPokerStats]" has no attribute "energy_lost"  [union-attr]
tests\manual_test_poker_game.py:218: error: Item "None" of "Optional[FishPokerStats]" has no attribute "energy_lost"  [union-attr]
backend\migration_scheduler.py:251: error: Item "None" of "Optional[Any]" has no attribute "ecosystem"  [union-attr]
backend\migration_scheduler.py:253: error: Item "None" of "Optional[Any]" has no attribute "ecosystem"  [union-attr]
backend\migration_scheduler.py:253: error: Item "None" of "Optional[Any]" has no attribute "energy"  [union-attr]
backend\routers\websocket.py:53: error: "WorldBroadcastAdapter" has no attribute "get_state"  [attr-defined]
tests\test_shutdown_restart_persistence.py:72: error: Item "None" of "Optional[WorldInstance]" has no attribute "runner"  [union-attr]
tests\test_shutdown_restart_persistence.py:72: error: Argument 1 to "get_world" of "WorldManager" has incompatible type "Optional[str]"; expected "str"  [arg-type]
tests\test_shutdown_restart_persistence.py:125: error: Unsupported operand types for / ("Path" and "None")  [operator]
tests\test_shutdown_restart_persistence.py:125: note: Right operand is of type "Optional[str]"
tests\test_shutdown_restart_persistence.py:150: error: Argument 1 to "get_world" of "WorldManager" has incompatible type "Optional[str]"; expected "str"  [arg-type]
backend\app_factory.py:106: error: Library stubs not installed for "psutil"  [import-untyped]
backend\app_factory.py:106: note: Hint: "python3 -m pip install types-psutil"
backend\app_factory.py:106: note: (or run "mypy --install-types" to install all missing stub packages)
backend\app_factory.py:106: note: See https://mypy.readthedocs.io/en/stable/running_mypy.html#missing-imports
tests\integration\test_distributed_servers.py:162: error: Module has no attribute "SERVER_ID"  [attr-defined]
tests\integration\test_distributed_servers.py:163: error: Module has no attribute "DEFAULT_API_PORT"  [attr-defined]
tests\integration\test_distributed_servers.py:168: error: Module has no attribute "discovery_service"  [attr-defined]
tests\integration\test_distributed_servers.py:169: error: Module has no attribute "discovery_service"  [attr-defined]
tests\integration\test_distributed_servers.py:172: error: Module has no attribute "tank_registry"  [attr-defined]
tests\integration\test_distributed_servers.py:173: error: Module has no attribute "tank_registry"  [attr-defined]
tests\integration\test_distributed_servers.py:174: error: Module has no attribute "tank_registry"  [attr-defined]
Found 763 errors in 175 files (checked 619 source files)
